2024-09-29 01:24:02 [main] INFO  org.hibernate.Version - HHH000412: Hibernate ORM core version 6.2.4.Final
2024-09-29 01:24:02 [main] INFO  org.hibernate.cfg.Environment - HHH000406: Using bytecode reflection optimizer
2024-09-29 01:24:03 [main] WARN  o.hibernate.orm.connections.pooling - HHH10001002: Using built-in connection pool (not intended for production use)
2024-09-29 01:24:03 [main] INFO  o.hibernate.orm.connections.pooling - HHH10001005: Loaded JDBC driver class: org.postgresql.Driver
2024-09-29 01:24:03 [main] INFO  o.hibernate.orm.connections.pooling - HHH10001012: Connecting with JDBC URL [jdbc:postgresql://localhost:5432/hotel]
2024-09-29 01:24:03 [main] INFO  o.hibernate.orm.connections.pooling - HHH10001001: Connection properties: {password=****, user=postgres}
2024-09-29 01:24:03 [main] INFO  o.hibernate.orm.connections.pooling - HHH10001003: Autocommit mode: false
2024-09-29 01:24:03 [main] INFO  o.hibernate.orm.connections.pooling - HHH10001115: Connection pool size: 20 (min=1)
2024-09-29 01:24:03 [main] INFO  o.h.b.i.BytecodeProviderInitiator - HHH000021: Bytecode provider name : bytebuddy
2024-09-29 01:24:04 [main] INFO  o.hibernate.orm.connections.access - HHH10001501: Connection obtained from JdbcConnectionAccess [org.hibernate.engine.jdbc.env.internal.JdbcEnvironmentInitiator$ConnectionProviderJdbcConnectionAccess@70716259] for (non-JTA) DDL execution was not in auto-commit mode; the Connection 'local transaction' will be committed and the Connection will be set into auto-commit mode.
2024-09-29 01:24:04 [main] INFO  io.javalin.Javalin - Starting Javalin ...
2024-09-29 01:24:04 [main] INFO  org.eclipse.jetty.server.Server - jetty-11.0.23; built: 2024-08-14T01:40:17.906Z; git: 6fcf5ccaebd7ca13a0cb96c96adca699a24080a0; jvm 17.0.12+7-LTS
2024-09-29 01:24:04 [main] INFO  o.e.j.s.s.DefaultSessionIdManager - Session workerName=node0
2024-09-29 01:24:04 [main] INFO  o.e.j.server.handler.ContextHandler - Started o.e.j.s.ServletContextHandler@1c7f9861{/api/v1,null,AVAILABLE}
2024-09-29 01:24:04 [main] INFO  o.e.jetty.server.AbstractConnector - Started ServerConnector@687389a6{HTTP/1.1, (http/1.1)}{0.0.0.0:7777}
2024-09-29 01:24:04 [main] INFO  org.eclipse.jetty.server.Server - Started Server@2bec068b{STARTING}[11.0.23,sto=0] @2358ms
2024-09-29 01:24:04 [main] INFO  io.javalin.Javalin - Javalin started in 190ms \o/
2024-09-29 01:24:04 [main] INFO  io.javalin.Javalin - Listening on http://localhost:7777/api/v1
2024-09-29 01:24:04 [main] INFO  io.javalin.Javalin - You are running Javalin 6.3.0 (released August 22, 2024).
2024-09-29 01:46:16 [main] INFO  org.hibernate.Version - HHH000412: Hibernate ORM core version 6.2.4.Final
2024-09-29 01:46:16 [main] INFO  org.hibernate.cfg.Environment - HHH000406: Using bytecode reflection optimizer
2024-09-29 01:46:16 [main] WARN  o.hibernate.orm.connections.pooling - HHH10001002: Using built-in connection pool (not intended for production use)
2024-09-29 01:46:16 [main] INFO  o.hibernate.orm.connections.pooling - HHH10001005: Loaded JDBC driver class: org.postgresql.Driver
2024-09-29 01:46:16 [main] INFO  o.hibernate.orm.connections.pooling - HHH10001012: Connecting with JDBC URL [jdbc:postgresql://localhost:5432/hotel]
2024-09-29 01:46:16 [main] INFO  o.hibernate.orm.connections.pooling - HHH10001001: Connection properties: {password=****, user=postgres}
2024-09-29 01:46:16 [main] INFO  o.hibernate.orm.connections.pooling - HHH10001003: Autocommit mode: false
2024-09-29 01:46:16 [main] INFO  o.hibernate.orm.connections.pooling - HHH10001115: Connection pool size: 20 (min=1)
2024-09-29 01:46:16 [main] INFO  o.h.b.i.BytecodeProviderInitiator - HHH000021: Bytecode provider name : bytebuddy
2024-09-29 01:46:17 [main] INFO  o.hibernate.orm.connections.access - HHH10001501: Connection obtained from JdbcConnectionAccess [org.hibernate.engine.jdbc.env.internal.JdbcEnvironmentInitiator$ConnectionProviderJdbcConnectionAccess@57f8951a] for (non-JTA) DDL execution was not in auto-commit mode; the Connection 'local transaction' will be committed and the Connection will be set into auto-commit mode.
2024-09-29 01:46:17 [main] INFO  io.javalin.Javalin - Starting Javalin ...
2024-09-29 01:46:17 [main] INFO  org.eclipse.jetty.server.Server - jetty-11.0.23; built: 2024-08-14T01:40:17.906Z; git: 6fcf5ccaebd7ca13a0cb96c96adca699a24080a0; jvm 17.0.12+7-LTS
2024-09-29 01:46:17 [main] INFO  o.e.j.s.s.DefaultSessionIdManager - Session workerName=node0
2024-09-29 01:46:17 [main] INFO  o.e.j.server.handler.ContextHandler - Started o.e.j.s.ServletContextHandler@7b297740{/api/v1,null,AVAILABLE}
2024-09-29 01:46:17 [main] INFO  o.e.jetty.server.AbstractConnector - Started ServerConnector@3fb450d7{HTTP/1.1, (http/1.1)}{0.0.0.0:7777}
2024-09-29 01:46:18 [main] INFO  org.eclipse.jetty.server.Server - Started Server@581c9bb7{STARTING}[11.0.23,sto=0] @2304ms
2024-09-29 01:46:18 [main] INFO  io.javalin.Javalin - Javalin started in 187ms \o/
2024-09-29 01:46:18 [main] INFO  io.javalin.Javalin - Listening on http://localhost:7777/api/v1
2024-09-29 01:46:18 [main] INFO  io.javalin.Javalin - You are running Javalin 6.3.0 (released August 22, 2024).
2024-09-29 01:55:44 [main] INFO  org.hibernate.Version - HHH000412: Hibernate ORM core version 6.2.4.Final
2024-09-29 01:55:44 [main] INFO  org.hibernate.cfg.Environment - HHH000406: Using bytecode reflection optimizer
2024-09-29 01:55:44 [main] WARN  o.hibernate.orm.connections.pooling - HHH10001002: Using built-in connection pool (not intended for production use)
2024-09-29 01:55:44 [main] INFO  o.hibernate.orm.connections.pooling - HHH10001005: Loaded JDBC driver class: org.postgresql.Driver
2024-09-29 01:55:44 [main] INFO  o.hibernate.orm.connections.pooling - HHH10001012: Connecting with JDBC URL [jdbc:postgresql://localhost:5432/hotel]
2024-09-29 01:55:44 [main] INFO  o.hibernate.orm.connections.pooling - HHH10001001: Connection properties: {password=****, user=postgres}
2024-09-29 01:55:44 [main] INFO  o.hibernate.orm.connections.pooling - HHH10001003: Autocommit mode: false
2024-09-29 01:55:44 [main] INFO  o.hibernate.orm.connections.pooling - HHH10001115: Connection pool size: 20 (min=1)
2024-09-29 01:55:44 [main] INFO  o.h.b.i.BytecodeProviderInitiator - HHH000021: Bytecode provider name : bytebuddy
2024-09-29 01:55:45 [main] INFO  o.hibernate.orm.connections.access - HHH10001501: Connection obtained from JdbcConnectionAccess [org.hibernate.engine.jdbc.env.internal.JdbcEnvironmentInitiator$ConnectionProviderJdbcConnectionAccess@364b1061] for (non-JTA) DDL execution was not in auto-commit mode; the Connection 'local transaction' will be committed and the Connection will be set into auto-commit mode.
2024-09-29 01:55:45 [main] INFO  io.javalin.Javalin - Starting Javalin ...
2024-09-29 01:55:45 [main] INFO  org.eclipse.jetty.server.Server - jetty-11.0.23; built: 2024-08-14T01:40:17.906Z; git: 6fcf5ccaebd7ca13a0cb96c96adca699a24080a0; jvm 17.0.12+7-LTS
2024-09-29 01:55:45 [main] INFO  o.e.j.s.s.DefaultSessionIdManager - Session workerName=node0
2024-09-29 01:55:45 [main] INFO  o.e.j.server.handler.ContextHandler - Started o.e.j.s.ServletContextHandler@6dd79214{/api/v1,null,AVAILABLE}
2024-09-29 01:55:45 [main] INFO  o.e.jetty.server.AbstractConnector - Started ServerConnector@3caee3a8{HTTP/1.1, (http/1.1)}{0.0.0.0:7777}
2024-09-29 01:55:45 [main] INFO  org.eclipse.jetty.server.Server - Started Server@4584304{STARTING}[11.0.23,sto=0] @2125ms
2024-09-29 01:55:45 [main] INFO  io.javalin.Javalin - Javalin started in 163ms \o/
2024-09-29 01:55:45 [main] INFO  io.javalin.Javalin - Listening on http://localhost:7777/api/v1
2024-09-29 01:55:45 [main] INFO  io.javalin.Javalin - You are running Javalin 6.3.0 (released August 22, 2024).
2024-09-29 02:11:02 [main] INFO  org.hibernate.Version - HHH000412: Hibernate ORM core version 6.2.4.Final
2024-09-29 02:11:02 [main] INFO  org.hibernate.cfg.Environment - HHH000406: Using bytecode reflection optimizer
2024-09-29 02:11:02 [main] WARN  o.hibernate.orm.connections.pooling - HHH10001002: Using built-in connection pool (not intended for production use)
2024-09-29 02:11:02 [main] INFO  o.hibernate.orm.connections.pooling - HHH10001005: Loaded JDBC driver class: org.postgresql.Driver
2024-09-29 02:11:02 [main] INFO  o.hibernate.orm.connections.pooling - HHH10001012: Connecting with JDBC URL [jdbc:postgresql://localhost:5432/hotel]
2024-09-29 02:11:02 [main] INFO  o.hibernate.orm.connections.pooling - HHH10001001: Connection properties: {password=****, user=postgres}
2024-09-29 02:11:02 [main] INFO  o.hibernate.orm.connections.pooling - HHH10001003: Autocommit mode: false
2024-09-29 02:11:02 [main] INFO  o.hibernate.orm.connections.pooling - HHH10001115: Connection pool size: 20 (min=1)
2024-09-29 02:11:03 [main] INFO  o.h.b.i.BytecodeProviderInitiator - HHH000021: Bytecode provider name : bytebuddy
2024-09-29 02:11:03 [main] INFO  o.hibernate.orm.connections.access - HHH10001501: Connection obtained from JdbcConnectionAccess [org.hibernate.engine.jdbc.env.internal.JdbcEnvironmentInitiator$ConnectionProviderJdbcConnectionAccess@19da993b] for (non-JTA) DDL execution was not in auto-commit mode; the Connection 'local transaction' will be committed and the Connection will be set into auto-commit mode.
2024-09-29 02:11:04 [main] INFO  io.javalin.Javalin - Starting Javalin ...
2024-09-29 02:11:04 [main] INFO  org.eclipse.jetty.server.Server - jetty-11.0.23; built: 2024-08-14T01:40:17.906Z; git: 6fcf5ccaebd7ca13a0cb96c96adca699a24080a0; jvm 17.0.12+7-LTS
2024-09-29 02:11:04 [main] INFO  o.e.j.s.s.DefaultSessionIdManager - Session workerName=node0
2024-09-29 02:11:04 [main] INFO  o.e.j.server.handler.ContextHandler - Started o.e.j.s.ServletContextHandler@621f23ac{/api/v1,null,AVAILABLE}
2024-09-29 02:11:04 [main] INFO  o.e.jetty.server.AbstractConnector - Started ServerConnector@63e5b8aa{HTTP/1.1, (http/1.1)}{0.0.0.0:7777}
2024-09-29 02:11:04 [main] INFO  org.eclipse.jetty.server.Server - Started Server@544e3679{STARTING}[11.0.23,sto=0] @2168ms
2024-09-29 02:11:04 [main] INFO  io.javalin.Javalin - Javalin started in 187ms \o/
2024-09-29 02:11:04 [main] INFO  io.javalin.Javalin - Listening on http://localhost:7777/api/v1
2024-09-29 02:11:04 [main] INFO  io.javalin.Javalin - You are running Javalin 6.3.0 (released August 22, 2024).
2024-09-29 12:13:17 [main] INFO  org.hibernate.Version - HHH000412: Hibernate ORM core version 6.2.4.Final
2024-09-29 12:13:17 [main] INFO  org.hibernate.cfg.Environment - HHH000406: Using bytecode reflection optimizer
2024-09-29 12:13:17 [main] WARN  o.hibernate.orm.connections.pooling - HHH10001002: Using built-in connection pool (not intended for production use)
2024-09-29 12:13:17 [main] INFO  o.hibernate.orm.connections.pooling - HHH10001005: Loaded JDBC driver class: org.postgresql.Driver
2024-09-29 12:13:17 [main] INFO  o.hibernate.orm.connections.pooling - HHH10001012: Connecting with JDBC URL [jdbc:postgresql://localhost:5432/hotel]
2024-09-29 12:13:17 [main] INFO  o.hibernate.orm.connections.pooling - HHH10001001: Connection properties: {password=****, user=postgres}
2024-09-29 12:13:17 [main] INFO  o.hibernate.orm.connections.pooling - HHH10001003: Autocommit mode: false
2024-09-29 12:13:17 [main] INFO  o.hibernate.orm.connections.pooling - HHH10001115: Connection pool size: 20 (min=1)
2024-09-29 12:13:18 [main] INFO  o.h.b.i.BytecodeProviderInitiator - HHH000021: Bytecode provider name : bytebuddy
2024-09-29 12:13:19 [main] INFO  o.hibernate.orm.connections.access - HHH10001501: Connection obtained from JdbcConnectionAccess [org.hibernate.engine.jdbc.env.internal.JdbcEnvironmentInitiator$ConnectionProviderJdbcConnectionAccess@149c39b] for (non-JTA) DDL execution was not in auto-commit mode; the Connection 'local transaction' will be committed and the Connection will be set into auto-commit mode.
2024-09-29 12:13:20 [main] INFO  io.javalin.Javalin - Starting Javalin ...
2024-09-29 12:13:20 [main] INFO  org.eclipse.jetty.server.Server - jetty-11.0.23; built: 2024-08-14T01:40:17.906Z; git: 6fcf5ccaebd7ca13a0cb96c96adca699a24080a0; jvm 17.0.12+7-LTS
2024-09-29 12:13:20 [main] INFO  o.e.j.s.s.DefaultSessionIdManager - Session workerName=node0
2024-09-29 12:13:20 [main] INFO  o.e.j.server.handler.ContextHandler - Started o.e.j.s.ServletContextHandler@458031da{/api/v1,null,AVAILABLE}
2024-09-29 12:13:20 [main] INFO  o.e.jetty.server.AbstractConnector - Started ServerConnector@285a4fe3{HTTP/1.1, (http/1.1)}{0.0.0.0:7777}
2024-09-29 12:13:20 [main] INFO  org.eclipse.jetty.server.Server - Started Server@64f4f12{STARTING}[11.0.23,sto=0] @7782ms
2024-09-29 12:13:20 [main] INFO  io.javalin.Javalin - Javalin started in 188ms \o/
2024-09-29 12:13:20 [main] INFO  io.javalin.Javalin - Listening on http://localhost:7777/api/v1
2024-09-29 12:13:20 [main] INFO  io.javalin.Javalin - You are running Javalin 6.3.0 (released August 22, 2024).
2024-09-29 12:31:31 [main] INFO  org.hibernate.Version - HHH000412: Hibernate ORM core version 6.2.4.Final
2024-09-29 12:31:31 [main] INFO  org.hibernate.cfg.Environment - HHH000406: Using bytecode reflection optimizer
2024-09-29 12:31:31 [main] WARN  o.hibernate.orm.connections.pooling - HHH10001002: Using built-in connection pool (not intended for production use)
2024-09-29 12:31:31 [main] INFO  o.hibernate.orm.connections.pooling - HHH10001005: Loaded JDBC driver class: org.postgresql.Driver
2024-09-29 12:31:31 [main] INFO  o.hibernate.orm.connections.pooling - HHH10001012: Connecting with JDBC URL [jdbc:postgresql://localhost:5432/hotel]
2024-09-29 12:31:31 [main] INFO  o.hibernate.orm.connections.pooling - HHH10001001: Connection properties: {password=****, user=postgres}
2024-09-29 12:31:31 [main] INFO  o.hibernate.orm.connections.pooling - HHH10001003: Autocommit mode: false
2024-09-29 12:31:31 [main] INFO  o.hibernate.orm.connections.pooling - HHH10001115: Connection pool size: 20 (min=1)
2024-09-29 12:31:32 [main] INFO  o.h.b.i.BytecodeProviderInitiator - HHH000021: Bytecode provider name : bytebuddy
2024-09-29 12:31:33 [main] INFO  o.hibernate.orm.connections.access - HHH10001501: Connection obtained from JdbcConnectionAccess [org.hibernate.engine.jdbc.env.internal.JdbcEnvironmentInitiator$ConnectionProviderJdbcConnectionAccess@1b4872bc] for (non-JTA) DDL execution was not in auto-commit mode; the Connection 'local transaction' will be committed and the Connection will be set into auto-commit mode.
2024-09-29 12:31:33 [main] INFO  io.javalin.Javalin - Starting Javalin ...
2024-09-29 12:31:33 [main] INFO  org.eclipse.jetty.server.Server - jetty-11.0.23; built: 2024-08-14T01:40:17.906Z; git: 6fcf5ccaebd7ca13a0cb96c96adca699a24080a0; jvm 17.0.12+7-LTS
2024-09-29 12:31:33 [main] ERROR io.javalin.Javalin - Failed to start Javalin
2024-09-29 12:31:33 [main] INFO  org.eclipse.jetty.server.Server - Stopped Server@787988f4{STOPPING}[11.0.23,sto=0]
2024-09-29 12:31:46 [main] INFO  org.hibernate.Version - HHH000412: Hibernate ORM core version 6.2.4.Final
2024-09-29 12:31:46 [main] INFO  org.hibernate.cfg.Environment - HHH000406: Using bytecode reflection optimizer
2024-09-29 12:31:47 [main] WARN  o.hibernate.orm.connections.pooling - HHH10001002: Using built-in connection pool (not intended for production use)
2024-09-29 12:31:47 [main] INFO  o.hibernate.orm.connections.pooling - HHH10001005: Loaded JDBC driver class: org.postgresql.Driver
2024-09-29 12:31:47 [main] INFO  o.hibernate.orm.connections.pooling - HHH10001012: Connecting with JDBC URL [jdbc:postgresql://localhost:5432/hotel]
2024-09-29 12:31:47 [main] INFO  o.hibernate.orm.connections.pooling - HHH10001001: Connection properties: {password=****, user=postgres}
2024-09-29 12:31:47 [main] INFO  o.hibernate.orm.connections.pooling - HHH10001003: Autocommit mode: false
2024-09-29 12:31:47 [main] INFO  o.hibernate.orm.connections.pooling - HHH10001115: Connection pool size: 20 (min=1)
2024-09-29 12:31:47 [main] INFO  o.h.b.i.BytecodeProviderInitiator - HHH000021: Bytecode provider name : bytebuddy
2024-09-29 12:31:48 [main] INFO  o.hibernate.orm.connections.access - HHH10001501: Connection obtained from JdbcConnectionAccess [org.hibernate.engine.jdbc.env.internal.JdbcEnvironmentInitiator$ConnectionProviderJdbcConnectionAccess@1b4872bc] for (non-JTA) DDL execution was not in auto-commit mode; the Connection 'local transaction' will be committed and the Connection will be set into auto-commit mode.
2024-09-29 12:31:48 [main] INFO  io.javalin.Javalin - Starting Javalin ...
2024-09-29 12:31:48 [main] INFO  org.eclipse.jetty.server.Server - jetty-11.0.23; built: 2024-08-14T01:40:17.906Z; git: 6fcf5ccaebd7ca13a0cb96c96adca699a24080a0; jvm 17.0.12+7-LTS
2024-09-29 12:31:48 [main] INFO  o.e.j.s.s.DefaultSessionIdManager - Session workerName=node0
2024-09-29 12:31:48 [main] INFO  o.e.j.server.handler.ContextHandler - Started o.e.j.s.ServletContextHandler@2e0ad709{/api/v1,null,AVAILABLE}
2024-09-29 12:31:48 [main] INFO  o.e.jetty.server.AbstractConnector - Started ServerConnector@723e3c17{HTTP/1.1, (http/1.1)}{0.0.0.0:7777}
2024-09-29 12:31:48 [main] INFO  org.eclipse.jetty.server.Server - Started Server@787988f4{STARTING}[11.0.23,sto=0] @2410ms
2024-09-29 12:31:48 [main] INFO  io.javalin.Javalin - Javalin started in 189ms \o/
2024-09-29 12:31:48 [main] INFO  io.javalin.Javalin - Listening on http://localhost:7777/api/v1
2024-09-29 12:31:48 [main] INFO  io.javalin.Javalin - You are running Javalin 6.3.0 (released August 22, 2024).
2024-09-29 12:38:18 [JettyServerThreadPool-35] WARN  io.javalin.Javalin - Uncaught exception
java.lang.NullPointerException: Cannot invoke "java.util.List.stream()" because the return value of "dat.dtos.HotelDTO.getRooms()" is null
	at dat.entities.Hotel.<init>(Hotel.java:33)
	at dat.daos.HotelDAO.create(HotelDAO.java:63)
	at dat.daos.HotelDAO.createFromList(HotelDAO.java:55)
	at dat.controllers.HotelController.createHotels(HotelController.java:56)
	at io.javalin.router.Endpoint.handle(Endpoint.kt:52)
	at io.javalin.router.ParsedEndpoint.handle(ParsedEndpoint.kt:15)
	at io.javalin.http.servlet.DefaultTasks.HTTP$lambda$9$lambda$7$lambda$6(DefaultTasks.kt:52)
	at io.javalin.http.servlet.JavalinServlet.handleTask(JavalinServlet.kt:99)
	at io.javalin.http.servlet.JavalinServlet.handleSync(JavalinServlet.kt:64)
	at io.javalin.http.servlet.JavalinServlet.handle(JavalinServlet.kt:50)
	at io.javalin.http.servlet.JavalinServlet.service(JavalinServlet.kt:30)
	at jakarta.servlet.http.HttpServlet.service(HttpServlet.java:587)
	at io.javalin.jetty.JavalinJettyServlet.service(JavalinJettyServlet.kt:52)
	at jakarta.servlet.http.HttpServlet.service(HttpServlet.java:587)
	at org.eclipse.jetty.servlet.ServletHolder.handle(ServletHolder.java:764)
	at org.eclipse.jetty.servlet.ServletHandler.doHandle(ServletHandler.java:529)
	at org.eclipse.jetty.server.handler.ScopedHandler.nextHandle(ScopedHandler.java:221)
	at org.eclipse.jetty.server.session.SessionHandler.doHandle(SessionHandler.java:1580)
	at org.eclipse.jetty.server.handler.ScopedHandler.nextHandle(ScopedHandler.java:221)
	at org.eclipse.jetty.server.handler.ContextHandler.doHandle(ContextHandler.java:1381)
	at org.eclipse.jetty.server.handler.ScopedHandler.nextScope(ScopedHandler.java:176)
	at org.eclipse.jetty.servlet.ServletHandler.doScope(ServletHandler.java:484)
	at org.eclipse.jetty.server.session.SessionHandler.doScope(SessionHandler.java:1553)
	at org.eclipse.jetty.server.handler.ScopedHandler.nextScope(ScopedHandler.java:174)
	at org.eclipse.jetty.server.handler.ContextHandler.doScope(ContextHandler.java:1303)
	at org.eclipse.jetty.server.handler.ScopedHandler.handle(ScopedHandler.java:129)
	at org.eclipse.jetty.server.handler.StatisticsHandler.handle(StatisticsHandler.java:173)
	at org.eclipse.jetty.server.handler.HandlerWrapper.handle(HandlerWrapper.java:122)
	at org.eclipse.jetty.server.Server.handle(Server.java:563)
	at org.eclipse.jetty.server.HttpChannel$RequestDispatchable.dispatch(HttpChannel.java:1598)
	at org.eclipse.jetty.server.HttpChannel.dispatch(HttpChannel.java:753)
	at org.eclipse.jetty.server.HttpChannel.handle(HttpChannel.java:501)
	at org.eclipse.jetty.server.HttpConnection.onFillable(HttpConnection.java:287)
	at org.eclipse.jetty.io.AbstractConnection$ReadCallback.succeeded(AbstractConnection.java:314)
	at org.eclipse.jetty.io.FillInterest.fillable(FillInterest.java:100)
	at org.eclipse.jetty.io.SelectableChannelEndPoint$1.run(SelectableChannelEndPoint.java:53)
	at org.eclipse.jetty.util.thread.QueuedThreadPool.runJob(QueuedThreadPool.java:969)
	at org.eclipse.jetty.util.thread.QueuedThreadPool$Runner.doRunJob(QueuedThreadPool.java:1194)
	at org.eclipse.jetty.util.thread.QueuedThreadPool$Runner.run(QueuedThreadPool.java:1149)
	at java.base/java.lang.Thread.run(Thread.java:840)
2024-09-29 12:38:41 [JettyServerThreadPool-33] WARN  io.javalin.Javalin - Uncaught exception
java.lang.NullPointerException: Cannot invoke "java.util.List.stream()" because the return value of "dat.dtos.HotelDTO.getRooms()" is null
	at dat.entities.Hotel.<init>(Hotel.java:33)
	at dat.daos.HotelDAO.create(HotelDAO.java:63)
	at dat.daos.HotelDAO.createFromList(HotelDAO.java:55)
	at dat.controllers.HotelController.createHotels(HotelController.java:56)
	at io.javalin.router.Endpoint.handle(Endpoint.kt:52)
	at io.javalin.router.ParsedEndpoint.handle(ParsedEndpoint.kt:15)
	at io.javalin.http.servlet.DefaultTasks.HTTP$lambda$9$lambda$7$lambda$6(DefaultTasks.kt:52)
	at io.javalin.http.servlet.JavalinServlet.handleTask(JavalinServlet.kt:99)
	at io.javalin.http.servlet.JavalinServlet.handleSync(JavalinServlet.kt:64)
	at io.javalin.http.servlet.JavalinServlet.handle(JavalinServlet.kt:50)
	at io.javalin.http.servlet.JavalinServlet.service(JavalinServlet.kt:30)
	at jakarta.servlet.http.HttpServlet.service(HttpServlet.java:587)
	at io.javalin.jetty.JavalinJettyServlet.service(JavalinJettyServlet.kt:52)
	at jakarta.servlet.http.HttpServlet.service(HttpServlet.java:587)
	at org.eclipse.jetty.servlet.ServletHolder.handle(ServletHolder.java:764)
	at org.eclipse.jetty.servlet.ServletHandler.doHandle(ServletHandler.java:529)
	at org.eclipse.jetty.server.handler.ScopedHandler.nextHandle(ScopedHandler.java:221)
	at org.eclipse.jetty.server.session.SessionHandler.doHandle(SessionHandler.java:1580)
	at org.eclipse.jetty.server.handler.ScopedHandler.nextHandle(ScopedHandler.java:221)
	at org.eclipse.jetty.server.handler.ContextHandler.doHandle(ContextHandler.java:1381)
	at org.eclipse.jetty.server.handler.ScopedHandler.nextScope(ScopedHandler.java:176)
	at org.eclipse.jetty.servlet.ServletHandler.doScope(ServletHandler.java:484)
	at org.eclipse.jetty.server.session.SessionHandler.doScope(SessionHandler.java:1553)
	at org.eclipse.jetty.server.handler.ScopedHandler.nextScope(ScopedHandler.java:174)
	at org.eclipse.jetty.server.handler.ContextHandler.doScope(ContextHandler.java:1303)
	at org.eclipse.jetty.server.handler.ScopedHandler.handle(ScopedHandler.java:129)
	at org.eclipse.jetty.server.handler.StatisticsHandler.handle(StatisticsHandler.java:173)
	at org.eclipse.jetty.server.handler.HandlerWrapper.handle(HandlerWrapper.java:122)
	at org.eclipse.jetty.server.Server.handle(Server.java:563)
	at org.eclipse.jetty.server.HttpChannel$RequestDispatchable.dispatch(HttpChannel.java:1598)
	at org.eclipse.jetty.server.HttpChannel.dispatch(HttpChannel.java:753)
	at org.eclipse.jetty.server.HttpChannel.handle(HttpChannel.java:501)
	at org.eclipse.jetty.server.HttpConnection.onFillable(HttpConnection.java:287)
	at org.eclipse.jetty.io.AbstractConnection$ReadCallback.succeeded(AbstractConnection.java:314)
	at org.eclipse.jetty.io.FillInterest.fillable(FillInterest.java:100)
	at org.eclipse.jetty.io.SelectableChannelEndPoint$1.run(SelectableChannelEndPoint.java:53)
	at org.eclipse.jetty.util.thread.strategy.AdaptiveExecutionStrategy.runTask(AdaptiveExecutionStrategy.java:421)
	at org.eclipse.jetty.util.thread.strategy.AdaptiveExecutionStrategy.consumeTask(AdaptiveExecutionStrategy.java:390)
	at org.eclipse.jetty.util.thread.strategy.AdaptiveExecutionStrategy.tryProduce(AdaptiveExecutionStrategy.java:277)
	at org.eclipse.jetty.util.thread.strategy.AdaptiveExecutionStrategy.run(AdaptiveExecutionStrategy.java:199)
	at org.eclipse.jetty.util.thread.ReservedThreadExecutor$ReservedThread.run(ReservedThreadExecutor.java:411)
	at org.eclipse.jetty.util.thread.QueuedThreadPool.runJob(QueuedThreadPool.java:969)
	at org.eclipse.jetty.util.thread.QueuedThreadPool$Runner.doRunJob(QueuedThreadPool.java:1194)
	at org.eclipse.jetty.util.thread.QueuedThreadPool$Runner.run(QueuedThreadPool.java:1149)
	at java.base/java.lang.Thread.run(Thread.java:840)
2024-09-29 12:39:25 [JettyServerThreadPool-25] WARN  o.h.e.jdbc.spi.SqlExceptionHelper - SQL Error: 0, SQLState: 23503
2024-09-29 12:39:25 [JettyServerThreadPool-25] ERROR o.h.e.jdbc.spi.SqlExceptionHelper - ERROR: insert or update on table "room" violates foreign key constraint "fk2ytua4fdw8ibyyn44ar9txtku"
  Detail: Key (hotel_id)=(1) is not present in table "hotel".
2024-09-29 12:39:25 [JettyServerThreadPool-25] WARN  io.javalin.Javalin - Uncaught exception
org.hibernate.exception.ConstraintViolationException: could not execute statement [ERROR: insert or update on table "room" violates foreign key constraint "fk2ytua4fdw8ibyyn44ar9txtku"
  Detail: Key (hotel_id)=(1) is not present in table "hotel".] [/* insert for dat.entities.Room */insert into Room (hotel_id,number,price) values (?,?,?)]
	at org.hibernate.exception.internal.SQLStateConversionDelegate.convert(SQLStateConversionDelegate.java:95)
	at org.hibernate.exception.internal.StandardSQLExceptionConverter.convert(StandardSQLExceptionConverter.java:56)
	at org.hibernate.engine.jdbc.spi.SqlExceptionHelper.convert(SqlExceptionHelper.java:108)
	at org.hibernate.engine.jdbc.internal.ResultSetReturnImpl.executeUpdate(ResultSetReturnImpl.java:278)
	at org.hibernate.id.insert.GetGeneratedKeysDelegate.performInsert(GetGeneratedKeysDelegate.java:107)
	at org.hibernate.engine.jdbc.mutation.internal.MutationExecutorPostInsertSingleTable.execute(MutationExecutorPostInsertSingleTable.java:101)
	at org.hibernate.persister.entity.mutation.InsertCoordinator.doStaticInserts(InsertCoordinator.java:170)
	at org.hibernate.persister.entity.mutation.InsertCoordinator.coordinateInsert(InsertCoordinator.java:112)
	at org.hibernate.persister.entity.AbstractEntityPersister.insert(AbstractEntityPersister.java:2737)
	at org.hibernate.action.internal.EntityIdentityInsertAction.execute(EntityIdentityInsertAction.java:81)
	at org.hibernate.engine.spi.ActionQueue.execute(ActionQueue.java:647)
	at org.hibernate.engine.spi.ActionQueue.addResolvedEntityInsertAction(ActionQueue.java:278)
	at org.hibernate.engine.spi.ActionQueue.addInsertAction(ActionQueue.java:259)
	at org.hibernate.engine.spi.ActionQueue.addAction(ActionQueue.java:309)
	at org.hibernate.event.internal.AbstractSaveEventListener.addInsertAction(AbstractSaveEventListener.java:363)
	at org.hibernate.event.internal.AbstractSaveEventListener.performSaveOrReplicate(AbstractSaveEventListener.java:277)
	at org.hibernate.event.internal.AbstractSaveEventListener.performSave(AbstractSaveEventListener.java:180)
	at org.hibernate.event.internal.AbstractSaveEventListener.saveWithGeneratedId(AbstractSaveEventListener.java:140)
	at org.hibernate.event.internal.DefaultPersistEventListener.entityIsTransient(DefaultPersistEventListener.java:175)
	at org.hibernate.event.internal.DefaultPersistEventListener.persist(DefaultPersistEventListener.java:93)
	at org.hibernate.event.internal.DefaultPersistEventListener.onPersist(DefaultPersistEventListener.java:77)
	at org.hibernate.event.internal.DefaultPersistEventListener.onPersist(DefaultPersistEventListener.java:54)
	at org.hibernate.event.service.internal.EventListenerGroupImpl.fireEventOnEachListener(EventListenerGroupImpl.java:127)
	at org.hibernate.internal.SessionImpl.firePersist(SessionImpl.java:755)
	at org.hibernate.internal.SessionImpl.persist(SessionImpl.java:739)
	at dat.daos.RoomDAO.create(RoomDAO.java:66)
	at dat.daos.RoomDAO.createFromList(RoomDAO.java:55)
	at dat.controllers.RoomController.createRooms(RoomController.java:46)
	at io.javalin.router.Endpoint.handle(Endpoint.kt:52)
	at io.javalin.router.ParsedEndpoint.handle(ParsedEndpoint.kt:15)
	at io.javalin.http.servlet.DefaultTasks.HTTP$lambda$9$lambda$7$lambda$6(DefaultTasks.kt:52)
	at io.javalin.http.servlet.JavalinServlet.handleTask(JavalinServlet.kt:99)
	at io.javalin.http.servlet.JavalinServlet.handleSync(JavalinServlet.kt:64)
	at io.javalin.http.servlet.JavalinServlet.handle(JavalinServlet.kt:50)
	at io.javalin.http.servlet.JavalinServlet.service(JavalinServlet.kt:30)
	at jakarta.servlet.http.HttpServlet.service(HttpServlet.java:587)
	at io.javalin.jetty.JavalinJettyServlet.service(JavalinJettyServlet.kt:52)
	at jakarta.servlet.http.HttpServlet.service(HttpServlet.java:587)
	at org.eclipse.jetty.servlet.ServletHolder.handle(ServletHolder.java:764)
	at org.eclipse.jetty.servlet.ServletHandler.doHandle(ServletHandler.java:529)
	at org.eclipse.jetty.server.handler.ScopedHandler.nextHandle(ScopedHandler.java:221)
	at org.eclipse.jetty.server.session.SessionHandler.doHandle(SessionHandler.java:1580)
	at org.eclipse.jetty.server.handler.ScopedHandler.nextHandle(ScopedHandler.java:221)
	at org.eclipse.jetty.server.handler.ContextHandler.doHandle(ContextHandler.java:1381)
	at org.eclipse.jetty.server.handler.ScopedHandler.nextScope(ScopedHandler.java:176)
	at org.eclipse.jetty.servlet.ServletHandler.doScope(ServletHandler.java:484)
	at org.eclipse.jetty.server.session.SessionHandler.doScope(SessionHandler.java:1553)
	at org.eclipse.jetty.server.handler.ScopedHandler.nextScope(ScopedHandler.java:174)
	at org.eclipse.jetty.server.handler.ContextHandler.doScope(ContextHandler.java:1303)
	at org.eclipse.jetty.server.handler.ScopedHandler.handle(ScopedHandler.java:129)
	at org.eclipse.jetty.server.handler.StatisticsHandler.handle(StatisticsHandler.java:173)
	at org.eclipse.jetty.server.handler.HandlerWrapper.handle(HandlerWrapper.java:122)
	at org.eclipse.jetty.server.Server.handle(Server.java:563)
	at org.eclipse.jetty.server.HttpChannel$RequestDispatchable.dispatch(HttpChannel.java:1598)
	at org.eclipse.jetty.server.HttpChannel.dispatch(HttpChannel.java:753)
	at org.eclipse.jetty.server.HttpChannel.handle(HttpChannel.java:501)
	at org.eclipse.jetty.server.HttpConnection.onFillable(HttpConnection.java:287)
	at org.eclipse.jetty.io.AbstractConnection$ReadCallback.succeeded(AbstractConnection.java:314)
	at org.eclipse.jetty.io.FillInterest.fillable(FillInterest.java:100)
	at org.eclipse.jetty.io.SelectableChannelEndPoint$1.run(SelectableChannelEndPoint.java:53)
	at org.eclipse.jetty.util.thread.strategy.AdaptiveExecutionStrategy.runTask(AdaptiveExecutionStrategy.java:421)
	at org.eclipse.jetty.util.thread.strategy.AdaptiveExecutionStrategy.consumeTask(AdaptiveExecutionStrategy.java:390)
	at org.eclipse.jetty.util.thread.strategy.AdaptiveExecutionStrategy.tryProduce(AdaptiveExecutionStrategy.java:277)
	at org.eclipse.jetty.util.thread.strategy.AdaptiveExecutionStrategy.produce(AdaptiveExecutionStrategy.java:193)
	at org.eclipse.jetty.util.thread.QueuedThreadPool.runJob(QueuedThreadPool.java:969)
	at org.eclipse.jetty.util.thread.QueuedThreadPool$Runner.doRunJob(QueuedThreadPool.java:1194)
	at org.eclipse.jetty.util.thread.QueuedThreadPool$Runner.run(QueuedThreadPool.java:1149)
	at java.base/java.lang.Thread.run(Thread.java:840)
Caused by: org.postgresql.util.PSQLException: ERROR: insert or update on table "room" violates foreign key constraint "fk2ytua4fdw8ibyyn44ar9txtku"
  Detail: Key (hotel_id)=(1) is not present in table "hotel".
	at org.postgresql.core.v3.QueryExecutorImpl.receiveErrorResponse(QueryExecutorImpl.java:2725)
	at org.postgresql.core.v3.QueryExecutorImpl.processResults(QueryExecutorImpl.java:2412)
	at org.postgresql.core.v3.QueryExecutorImpl.execute(QueryExecutorImpl.java:371)
	at org.postgresql.jdbc.PgStatement.executeInternal(PgStatement.java:502)
	at org.postgresql.jdbc.PgStatement.execute(PgStatement.java:419)
	at org.postgresql.jdbc.PgPreparedStatement.executeWithFlags(PgPreparedStatement.java:194)
	at org.postgresql.jdbc.PgPreparedStatement.executeUpdate(PgPreparedStatement.java:155)
	at org.hibernate.engine.jdbc.internal.ResultSetReturnImpl.executeUpdate(ResultSetReturnImpl.java:275)
	... 64 common frames omitted
2024-09-29 12:40:57 [JettyServerThreadPool-36] WARN  io.javalin.Javalin - Uncaught exception
java.lang.NullPointerException: Cannot invoke "java.util.List.stream()" because the return value of "dat.dtos.HotelDTO.getRooms()" is null
	at dat.entities.Hotel.<init>(Hotel.java:33)
	at dat.daos.HotelDAO.create(HotelDAO.java:63)
	at dat.daos.HotelDAO.createFromList(HotelDAO.java:55)
	at dat.controllers.HotelController.createHotels(HotelController.java:56)
	at io.javalin.router.Endpoint.handle(Endpoint.kt:52)
	at io.javalin.router.ParsedEndpoint.handle(ParsedEndpoint.kt:15)
	at io.javalin.http.servlet.DefaultTasks.HTTP$lambda$9$lambda$7$lambda$6(DefaultTasks.kt:52)
	at io.javalin.http.servlet.JavalinServlet.handleTask(JavalinServlet.kt:99)
	at io.javalin.http.servlet.JavalinServlet.handleSync(JavalinServlet.kt:64)
	at io.javalin.http.servlet.JavalinServlet.handle(JavalinServlet.kt:50)
	at io.javalin.http.servlet.JavalinServlet.service(JavalinServlet.kt:30)
	at jakarta.servlet.http.HttpServlet.service(HttpServlet.java:587)
	at io.javalin.jetty.JavalinJettyServlet.service(JavalinJettyServlet.kt:52)
	at jakarta.servlet.http.HttpServlet.service(HttpServlet.java:587)
	at org.eclipse.jetty.servlet.ServletHolder.handle(ServletHolder.java:764)
	at org.eclipse.jetty.servlet.ServletHandler.doHandle(ServletHandler.java:529)
	at org.eclipse.jetty.server.handler.ScopedHandler.nextHandle(ScopedHandler.java:221)
	at org.eclipse.jetty.server.session.SessionHandler.doHandle(SessionHandler.java:1580)
	at org.eclipse.jetty.server.handler.ScopedHandler.nextHandle(ScopedHandler.java:221)
	at org.eclipse.jetty.server.handler.ContextHandler.doHandle(ContextHandler.java:1381)
	at org.eclipse.jetty.server.handler.ScopedHandler.nextScope(ScopedHandler.java:176)
	at org.eclipse.jetty.servlet.ServletHandler.doScope(ServletHandler.java:484)
	at org.eclipse.jetty.server.session.SessionHandler.doScope(SessionHandler.java:1553)
	at org.eclipse.jetty.server.handler.ScopedHandler.nextScope(ScopedHandler.java:174)
	at org.eclipse.jetty.server.handler.ContextHandler.doScope(ContextHandler.java:1303)
	at org.eclipse.jetty.server.handler.ScopedHandler.handle(ScopedHandler.java:129)
	at org.eclipse.jetty.server.handler.StatisticsHandler.handle(StatisticsHandler.java:173)
	at org.eclipse.jetty.server.handler.HandlerWrapper.handle(HandlerWrapper.java:122)
	at org.eclipse.jetty.server.Server.handle(Server.java:563)
	at org.eclipse.jetty.server.HttpChannel$RequestDispatchable.dispatch(HttpChannel.java:1598)
	at org.eclipse.jetty.server.HttpChannel.dispatch(HttpChannel.java:753)
	at org.eclipse.jetty.server.HttpChannel.handle(HttpChannel.java:501)
	at org.eclipse.jetty.server.HttpConnection.onFillable(HttpConnection.java:287)
	at org.eclipse.jetty.io.AbstractConnection$ReadCallback.succeeded(AbstractConnection.java:314)
	at org.eclipse.jetty.io.FillInterest.fillable(FillInterest.java:100)
	at org.eclipse.jetty.io.SelectableChannelEndPoint$1.run(SelectableChannelEndPoint.java:53)
	at org.eclipse.jetty.util.thread.QueuedThreadPool.runJob(QueuedThreadPool.java:969)
	at org.eclipse.jetty.util.thread.QueuedThreadPool$Runner.doRunJob(QueuedThreadPool.java:1194)
	at org.eclipse.jetty.util.thread.QueuedThreadPool$Runner.run(QueuedThreadPool.java:1149)
	at java.base/java.lang.Thread.run(Thread.java:840)
2024-09-29 12:51:14 [JettyServerThreadPool-39] WARN  io.javalin.Javalin - Uncaught exception
java.lang.NullPointerException: Cannot invoke "java.util.List.stream()" because the return value of "dat.dtos.HotelDTO.getRooms()" is null
	at dat.entities.Hotel.<init>(Hotel.java:33)
	at dat.daos.HotelDAO.create(HotelDAO.java:63)
	at dat.daos.HotelDAO.createFromList(HotelDAO.java:55)
	at dat.controllers.HotelController.createHotels(HotelController.java:56)
	at io.javalin.router.Endpoint.handle(Endpoint.kt:52)
	at io.javalin.router.ParsedEndpoint.handle(ParsedEndpoint.kt:15)
	at io.javalin.http.servlet.DefaultTasks.HTTP$lambda$9$lambda$7$lambda$6(DefaultTasks.kt:52)
	at io.javalin.http.servlet.JavalinServlet.handleTask(JavalinServlet.kt:99)
	at io.javalin.http.servlet.JavalinServlet.handleSync(JavalinServlet.kt:64)
	at io.javalin.http.servlet.JavalinServlet.handle(JavalinServlet.kt:50)
	at io.javalin.http.servlet.JavalinServlet.service(JavalinServlet.kt:30)
	at jakarta.servlet.http.HttpServlet.service(HttpServlet.java:587)
	at io.javalin.jetty.JavalinJettyServlet.service(JavalinJettyServlet.kt:52)
	at jakarta.servlet.http.HttpServlet.service(HttpServlet.java:587)
	at org.eclipse.jetty.servlet.ServletHolder.handle(ServletHolder.java:764)
	at org.eclipse.jetty.servlet.ServletHandler.doHandle(ServletHandler.java:529)
	at org.eclipse.jetty.server.handler.ScopedHandler.nextHandle(ScopedHandler.java:221)
	at org.eclipse.jetty.server.session.SessionHandler.doHandle(SessionHandler.java:1580)
	at org.eclipse.jetty.server.handler.ScopedHandler.nextHandle(ScopedHandler.java:221)
	at org.eclipse.jetty.server.handler.ContextHandler.doHandle(ContextHandler.java:1381)
	at org.eclipse.jetty.server.handler.ScopedHandler.nextScope(ScopedHandler.java:176)
	at org.eclipse.jetty.servlet.ServletHandler.doScope(ServletHandler.java:484)
	at org.eclipse.jetty.server.session.SessionHandler.doScope(SessionHandler.java:1553)
	at org.eclipse.jetty.server.handler.ScopedHandler.nextScope(ScopedHandler.java:174)
	at org.eclipse.jetty.server.handler.ContextHandler.doScope(ContextHandler.java:1303)
	at org.eclipse.jetty.server.handler.ScopedHandler.handle(ScopedHandler.java:129)
	at org.eclipse.jetty.server.handler.StatisticsHandler.handle(StatisticsHandler.java:173)
	at org.eclipse.jetty.server.handler.HandlerWrapper.handle(HandlerWrapper.java:122)
	at org.eclipse.jetty.server.Server.handle(Server.java:563)
	at org.eclipse.jetty.server.HttpChannel$RequestDispatchable.dispatch(HttpChannel.java:1598)
	at org.eclipse.jetty.server.HttpChannel.dispatch(HttpChannel.java:753)
	at org.eclipse.jetty.server.HttpChannel.handle(HttpChannel.java:501)
	at org.eclipse.jetty.server.HttpConnection.onFillable(HttpConnection.java:287)
	at org.eclipse.jetty.io.AbstractConnection$ReadCallback.succeeded(AbstractConnection.java:314)
	at org.eclipse.jetty.io.FillInterest.fillable(FillInterest.java:100)
	at org.eclipse.jetty.io.SelectableChannelEndPoint$1.run(SelectableChannelEndPoint.java:53)
	at org.eclipse.jetty.util.thread.QueuedThreadPool.runJob(QueuedThreadPool.java:969)
	at org.eclipse.jetty.util.thread.QueuedThreadPool$Runner.doRunJob(QueuedThreadPool.java:1194)
	at org.eclipse.jetty.util.thread.QueuedThreadPool$Runner.run(QueuedThreadPool.java:1149)
	at java.base/java.lang.Thread.run(Thread.java:840)
2024-09-29 12:51:29 [main] INFO  org.hibernate.Version - HHH000412: Hibernate ORM core version 6.2.4.Final
2024-09-29 12:51:29 [main] INFO  org.hibernate.cfg.Environment - HHH000406: Using bytecode reflection optimizer
2024-09-29 12:51:29 [main] WARN  o.hibernate.orm.connections.pooling - HHH10001002: Using built-in connection pool (not intended for production use)
2024-09-29 12:51:29 [main] INFO  o.hibernate.orm.connections.pooling - HHH10001005: Loaded JDBC driver class: org.postgresql.Driver
2024-09-29 12:51:29 [main] INFO  o.hibernate.orm.connections.pooling - HHH10001012: Connecting with JDBC URL [jdbc:postgresql://localhost:5432/hotel]
2024-09-29 12:51:29 [main] INFO  o.hibernate.orm.connections.pooling - HHH10001001: Connection properties: {password=****, user=postgres}
2024-09-29 12:51:29 [main] INFO  o.hibernate.orm.connections.pooling - HHH10001003: Autocommit mode: false
2024-09-29 12:51:29 [main] INFO  o.hibernate.orm.connections.pooling - HHH10001115: Connection pool size: 20 (min=1)
2024-09-29 12:51:30 [main] INFO  o.h.b.i.BytecodeProviderInitiator - HHH000021: Bytecode provider name : bytebuddy
2024-09-29 12:51:31 [main] INFO  o.hibernate.orm.connections.access - HHH10001501: Connection obtained from JdbcConnectionAccess [org.hibernate.engine.jdbc.env.internal.JdbcEnvironmentInitiator$ConnectionProviderJdbcConnectionAccess@19da993b] for (non-JTA) DDL execution was not in auto-commit mode; the Connection 'local transaction' will be committed and the Connection will be set into auto-commit mode.
2024-09-29 12:51:31 [main] INFO  io.javalin.Javalin - Starting Javalin ...
2024-09-29 12:51:31 [main] INFO  org.eclipse.jetty.server.Server - jetty-11.0.23; built: 2024-08-14T01:40:17.906Z; git: 6fcf5ccaebd7ca13a0cb96c96adca699a24080a0; jvm 17.0.12+7-LTS
2024-09-29 12:51:31 [main] ERROR io.javalin.Javalin - Failed to start Javalin
2024-09-29 12:51:31 [main] INFO  org.eclipse.jetty.server.Server - Stopped Server@544e3679{STOPPING}[11.0.23,sto=0]
2024-09-29 12:52:07 [main] INFO  org.hibernate.Version - HHH000412: Hibernate ORM core version 6.2.4.Final
2024-09-29 12:52:07 [main] INFO  org.hibernate.cfg.Environment - HHH000406: Using bytecode reflection optimizer
2024-09-29 12:52:07 [main] WARN  o.hibernate.orm.connections.pooling - HHH10001002: Using built-in connection pool (not intended for production use)
2024-09-29 12:52:07 [main] INFO  o.hibernate.orm.connections.pooling - HHH10001005: Loaded JDBC driver class: org.postgresql.Driver
2024-09-29 12:52:07 [main] INFO  o.hibernate.orm.connections.pooling - HHH10001012: Connecting with JDBC URL [jdbc:postgresql://localhost:5432/hotel]
2024-09-29 12:52:07 [main] INFO  o.hibernate.orm.connections.pooling - HHH10001001: Connection properties: {password=****, user=postgres}
2024-09-29 12:52:07 [main] INFO  o.hibernate.orm.connections.pooling - HHH10001003: Autocommit mode: false
2024-09-29 12:52:07 [main] INFO  o.hibernate.orm.connections.pooling - HHH10001115: Connection pool size: 20 (min=1)
2024-09-29 12:52:08 [main] INFO  o.h.b.i.BytecodeProviderInitiator - HHH000021: Bytecode provider name : bytebuddy
2024-09-29 12:52:09 [main] INFO  o.hibernate.orm.connections.access - HHH10001501: Connection obtained from JdbcConnectionAccess [org.hibernate.engine.jdbc.env.internal.JdbcEnvironmentInitiator$ConnectionProviderJdbcConnectionAccess@13d019a4] for (non-JTA) DDL execution was not in auto-commit mode; the Connection 'local transaction' will be committed and the Connection will be set into auto-commit mode.
2024-09-29 12:52:09 [main] INFO  io.javalin.Javalin - Starting Javalin ...
2024-09-29 12:52:09 [main] INFO  org.eclipse.jetty.server.Server - jetty-11.0.23; built: 2024-08-14T01:40:17.906Z; git: 6fcf5ccaebd7ca13a0cb96c96adca699a24080a0; jvm 17.0.12+7-LTS
2024-09-29 12:52:09 [main] ERROR io.javalin.Javalin - Failed to start Javalin
2024-09-29 12:52:09 [main] INFO  org.eclipse.jetty.server.Server - Stopped Server@5fb3111a{STOPPING}[11.0.23,sto=0]
2024-09-29 12:54:26 [main] INFO  org.hibernate.Version - HHH000412: Hibernate ORM core version 6.2.4.Final
2024-09-29 12:54:26 [main] INFO  org.hibernate.cfg.Environment - HHH000406: Using bytecode reflection optimizer
2024-09-29 12:54:26 [main] WARN  o.hibernate.orm.connections.pooling - HHH10001002: Using built-in connection pool (not intended for production use)
2024-09-29 12:54:26 [main] INFO  o.hibernate.orm.connections.pooling - HHH10001005: Loaded JDBC driver class: org.postgresql.Driver
2024-09-29 12:54:26 [main] INFO  o.hibernate.orm.connections.pooling - HHH10001012: Connecting with JDBC URL [jdbc:postgresql://localhost:5432/hotel]
2024-09-29 12:54:26 [main] INFO  o.hibernate.orm.connections.pooling - HHH10001001: Connection properties: {password=****, user=postgres}
2024-09-29 12:54:26 [main] INFO  o.hibernate.orm.connections.pooling - HHH10001003: Autocommit mode: false
2024-09-29 12:54:26 [main] INFO  o.hibernate.orm.connections.pooling - HHH10001115: Connection pool size: 20 (min=1)
2024-09-29 12:54:27 [main] INFO  o.h.b.i.BytecodeProviderInitiator - HHH000021: Bytecode provider name : bytebuddy
2024-09-29 12:54:28 [main] INFO  o.hibernate.orm.connections.access - HHH10001501: Connection obtained from JdbcConnectionAccess [org.hibernate.engine.jdbc.env.internal.JdbcEnvironmentInitiator$ConnectionProviderJdbcConnectionAccess@364b1061] for (non-JTA) DDL execution was not in auto-commit mode; the Connection 'local transaction' will be committed and the Connection will be set into auto-commit mode.
2024-09-29 12:54:28 [main] INFO  io.javalin.Javalin - Starting Javalin ...
2024-09-29 12:54:28 [main] INFO  org.eclipse.jetty.server.Server - jetty-11.0.23; built: 2024-08-14T01:40:17.906Z; git: 6fcf5ccaebd7ca13a0cb96c96adca699a24080a0; jvm 17.0.12+7-LTS
2024-09-29 12:54:28 [main] INFO  o.e.j.s.s.DefaultSessionIdManager - Session workerName=node0
2024-09-29 12:54:28 [main] INFO  o.e.j.server.handler.ContextHandler - Started o.e.j.s.ServletContextHandler@6dd79214{/api/v1,null,AVAILABLE}
2024-09-29 12:54:28 [main] INFO  o.e.jetty.server.AbstractConnector - Started ServerConnector@3caee3a8{HTTP/1.1, (http/1.1)}{0.0.0.0:7777}
2024-09-29 12:54:28 [main] INFO  org.eclipse.jetty.server.Server - Started Server@4584304{STARTING}[11.0.23,sto=0] @2361ms
2024-09-29 12:54:28 [main] INFO  io.javalin.Javalin - Javalin started in 183ms \o/
2024-09-29 12:54:28 [main] INFO  io.javalin.Javalin - Listening on http://localhost:7777/api/v1
2024-09-29 12:54:28 [main] INFO  io.javalin.Javalin - You are running Javalin 6.3.0 (released August 22, 2024).
2024-09-29 13:00:14 [JettyServerThreadPool-33] WARN  io.javalin.Javalin - Uncaught exception
java.lang.NullPointerException: Cannot invoke "java.util.List.stream()" because the return value of "dat.dtos.HotelDTO.getRooms()" is null
	at dat.entities.Hotel.<init>(Hotel.java:33)
	at dat.daos.HotelDAO.create(HotelDAO.java:63)
	at dat.daos.HotelDAO.createFromList(HotelDAO.java:55)
	at dat.controllers.HotelController.createHotels(HotelController.java:56)
	at io.javalin.router.Endpoint.handle(Endpoint.kt:52)
	at io.javalin.router.ParsedEndpoint.handle(ParsedEndpoint.kt:15)
	at io.javalin.http.servlet.DefaultTasks.HTTP$lambda$9$lambda$7$lambda$6(DefaultTasks.kt:52)
	at io.javalin.http.servlet.JavalinServlet.handleTask(JavalinServlet.kt:99)
	at io.javalin.http.servlet.JavalinServlet.handleSync(JavalinServlet.kt:64)
	at io.javalin.http.servlet.JavalinServlet.handle(JavalinServlet.kt:50)
	at io.javalin.http.servlet.JavalinServlet.service(JavalinServlet.kt:30)
	at jakarta.servlet.http.HttpServlet.service(HttpServlet.java:587)
	at io.javalin.jetty.JavalinJettyServlet.service(JavalinJettyServlet.kt:52)
	at jakarta.servlet.http.HttpServlet.service(HttpServlet.java:587)
	at org.eclipse.jetty.servlet.ServletHolder.handle(ServletHolder.java:764)
	at org.eclipse.jetty.servlet.ServletHandler.doHandle(ServletHandler.java:529)
	at org.eclipse.jetty.server.handler.ScopedHandler.nextHandle(ScopedHandler.java:221)
	at org.eclipse.jetty.server.session.SessionHandler.doHandle(SessionHandler.java:1580)
	at org.eclipse.jetty.server.handler.ScopedHandler.nextHandle(ScopedHandler.java:221)
	at org.eclipse.jetty.server.handler.ContextHandler.doHandle(ContextHandler.java:1381)
	at org.eclipse.jetty.server.handler.ScopedHandler.nextScope(ScopedHandler.java:176)
	at org.eclipse.jetty.servlet.ServletHandler.doScope(ServletHandler.java:484)
	at org.eclipse.jetty.server.session.SessionHandler.doScope(SessionHandler.java:1553)
	at org.eclipse.jetty.server.handler.ScopedHandler.nextScope(ScopedHandler.java:174)
	at org.eclipse.jetty.server.handler.ContextHandler.doScope(ContextHandler.java:1303)
	at org.eclipse.jetty.server.handler.ScopedHandler.handle(ScopedHandler.java:129)
	at org.eclipse.jetty.server.handler.StatisticsHandler.handle(StatisticsHandler.java:173)
	at org.eclipse.jetty.server.handler.HandlerWrapper.handle(HandlerWrapper.java:122)
	at org.eclipse.jetty.server.Server.handle(Server.java:563)
	at org.eclipse.jetty.server.HttpChannel$RequestDispatchable.dispatch(HttpChannel.java:1598)
	at org.eclipse.jetty.server.HttpChannel.dispatch(HttpChannel.java:753)
	at org.eclipse.jetty.server.HttpChannel.handle(HttpChannel.java:501)
	at org.eclipse.jetty.server.HttpConnection.onFillable(HttpConnection.java:287)
	at org.eclipse.jetty.io.AbstractConnection$ReadCallback.succeeded(AbstractConnection.java:314)
	at org.eclipse.jetty.io.FillInterest.fillable(FillInterest.java:100)
	at org.eclipse.jetty.io.SelectableChannelEndPoint$1.run(SelectableChannelEndPoint.java:53)
	at org.eclipse.jetty.util.thread.QueuedThreadPool.runJob(QueuedThreadPool.java:969)
	at org.eclipse.jetty.util.thread.QueuedThreadPool$Runner.doRunJob(QueuedThreadPool.java:1194)
	at org.eclipse.jetty.util.thread.QueuedThreadPool$Runner.run(QueuedThreadPool.java:1149)
	at java.base/java.lang.Thread.run(Thread.java:840)
2024-09-29 13:01:57 [main] INFO  org.hibernate.Version - HHH000412: Hibernate ORM core version 6.2.4.Final
2024-09-29 13:01:57 [main] INFO  org.hibernate.cfg.Environment - HHH000406: Using bytecode reflection optimizer
2024-09-29 13:01:57 [main] WARN  o.hibernate.orm.connections.pooling - HHH10001002: Using built-in connection pool (not intended for production use)
2024-09-29 13:01:57 [main] INFO  o.hibernate.orm.connections.pooling - HHH10001005: Loaded JDBC driver class: org.postgresql.Driver
2024-09-29 13:01:57 [main] INFO  o.hibernate.orm.connections.pooling - HHH10001012: Connecting with JDBC URL [jdbc:postgresql://localhost:5432/hotel]
2024-09-29 13:01:57 [main] INFO  o.hibernate.orm.connections.pooling - HHH10001001: Connection properties: {password=****, user=postgres}
2024-09-29 13:01:57 [main] INFO  o.hibernate.orm.connections.pooling - HHH10001003: Autocommit mode: false
2024-09-29 13:01:57 [main] INFO  o.hibernate.orm.connections.pooling - HHH10001115: Connection pool size: 20 (min=1)
2024-09-29 13:01:57 [main] INFO  o.h.b.i.BytecodeProviderInitiator - HHH000021: Bytecode provider name : bytebuddy
2024-09-29 13:01:58 [main] INFO  o.hibernate.orm.connections.access - HHH10001501: Connection obtained from JdbcConnectionAccess [org.hibernate.engine.jdbc.env.internal.JdbcEnvironmentInitiator$ConnectionProviderJdbcConnectionAccess@70716259] for (non-JTA) DDL execution was not in auto-commit mode; the Connection 'local transaction' will be committed and the Connection will be set into auto-commit mode.
2024-09-29 13:01:59 [main] INFO  io.javalin.Javalin - Starting Javalin ...
2024-09-29 13:01:59 [main] INFO  org.eclipse.jetty.server.Server - jetty-11.0.23; built: 2024-08-14T01:40:17.906Z; git: 6fcf5ccaebd7ca13a0cb96c96adca699a24080a0; jvm 17.0.12+7-LTS
2024-09-29 13:01:59 [main] INFO  o.e.j.s.s.DefaultSessionIdManager - Session workerName=node0
2024-09-29 13:01:59 [main] INFO  o.e.j.server.handler.ContextHandler - Started o.e.j.s.ServletContextHandler@6321a5aa{/api/v1,null,AVAILABLE}
2024-09-29 13:01:59 [main] INFO  o.e.jetty.server.AbstractConnector - Started ServerConnector@34279b8a{HTTP/1.1, (http/1.1)}{0.0.0.0:7777}
2024-09-29 13:01:59 [main] INFO  org.eclipse.jetty.server.Server - Started Server@5a2ae1ab{STARTING}[11.0.23,sto=0] @2704ms
2024-09-29 13:01:59 [main] INFO  io.javalin.Javalin - Javalin started in 265ms \o/
2024-09-29 13:01:59 [main] INFO  io.javalin.Javalin - Listening on http://localhost:7777/api/v1
2024-09-29 13:01:59 [main] INFO  io.javalin.Javalin - You are running Javalin 6.3.0 (released August 22, 2024).
2024-09-29 13:02:30 [JettyServerThreadPool-23] WARN  io.javalin.Javalin - Uncaught exception
java.lang.NullPointerException: Cannot invoke "java.util.List.stream()" because the return value of "dat.dtos.HotelDTO.getRooms()" is null
	at dat.entities.Hotel.<init>(Hotel.java:33)
	at dat.daos.HotelDAO.create(HotelDAO.java:63)
	at dat.daos.HotelDAO.createFromList(HotelDAO.java:55)
	at dat.controllers.HotelController.createHotels(HotelController.java:56)
	at io.javalin.router.Endpoint.handle(Endpoint.kt:52)
	at io.javalin.router.ParsedEndpoint.handle(ParsedEndpoint.kt:15)
	at io.javalin.http.servlet.DefaultTasks.HTTP$lambda$9$lambda$7$lambda$6(DefaultTasks.kt:52)
	at io.javalin.http.servlet.JavalinServlet.handleTask(JavalinServlet.kt:99)
	at io.javalin.http.servlet.JavalinServlet.handleSync(JavalinServlet.kt:64)
	at io.javalin.http.servlet.JavalinServlet.handle(JavalinServlet.kt:50)
	at io.javalin.http.servlet.JavalinServlet.service(JavalinServlet.kt:30)
	at jakarta.servlet.http.HttpServlet.service(HttpServlet.java:587)
	at io.javalin.jetty.JavalinJettyServlet.service(JavalinJettyServlet.kt:52)
	at jakarta.servlet.http.HttpServlet.service(HttpServlet.java:587)
	at org.eclipse.jetty.servlet.ServletHolder.handle(ServletHolder.java:764)
	at org.eclipse.jetty.servlet.ServletHandler.doHandle(ServletHandler.java:529)
	at org.eclipse.jetty.server.handler.ScopedHandler.nextHandle(ScopedHandler.java:221)
	at org.eclipse.jetty.server.session.SessionHandler.doHandle(SessionHandler.java:1580)
	at org.eclipse.jetty.server.handler.ScopedHandler.nextHandle(ScopedHandler.java:221)
	at org.eclipse.jetty.server.handler.ContextHandler.doHandle(ContextHandler.java:1381)
	at org.eclipse.jetty.server.handler.ScopedHandler.nextScope(ScopedHandler.java:176)
	at org.eclipse.jetty.servlet.ServletHandler.doScope(ServletHandler.java:484)
	at org.eclipse.jetty.server.session.SessionHandler.doScope(SessionHandler.java:1553)
	at org.eclipse.jetty.server.handler.ScopedHandler.nextScope(ScopedHandler.java:174)
	at org.eclipse.jetty.server.handler.ContextHandler.doScope(ContextHandler.java:1303)
	at org.eclipse.jetty.server.handler.ScopedHandler.handle(ScopedHandler.java:129)
	at org.eclipse.jetty.server.handler.StatisticsHandler.handle(StatisticsHandler.java:173)
	at org.eclipse.jetty.server.handler.HandlerWrapper.handle(HandlerWrapper.java:122)
	at org.eclipse.jetty.server.Server.handle(Server.java:563)
	at org.eclipse.jetty.server.HttpChannel$RequestDispatchable.dispatch(HttpChannel.java:1598)
	at org.eclipse.jetty.server.HttpChannel.dispatch(HttpChannel.java:753)
	at org.eclipse.jetty.server.HttpChannel.handle(HttpChannel.java:501)
	at org.eclipse.jetty.server.HttpConnection.onFillable(HttpConnection.java:287)
	at org.eclipse.jetty.io.AbstractConnection$ReadCallback.succeeded(AbstractConnection.java:314)
	at org.eclipse.jetty.io.FillInterest.fillable(FillInterest.java:100)
	at org.eclipse.jetty.io.SelectableChannelEndPoint$1.run(SelectableChannelEndPoint.java:53)
	at org.eclipse.jetty.util.thread.strategy.AdaptiveExecutionStrategy.runTask(AdaptiveExecutionStrategy.java:421)
	at org.eclipse.jetty.util.thread.strategy.AdaptiveExecutionStrategy.consumeTask(AdaptiveExecutionStrategy.java:390)
	at org.eclipse.jetty.util.thread.strategy.AdaptiveExecutionStrategy.tryProduce(AdaptiveExecutionStrategy.java:277)
	at org.eclipse.jetty.util.thread.strategy.AdaptiveExecutionStrategy.produce(AdaptiveExecutionStrategy.java:193)
	at org.eclipse.jetty.util.thread.QueuedThreadPool.runJob(QueuedThreadPool.java:969)
	at org.eclipse.jetty.util.thread.QueuedThreadPool$Runner.doRunJob(QueuedThreadPool.java:1194)
	at org.eclipse.jetty.util.thread.QueuedThreadPool$Runner.run(QueuedThreadPool.java:1149)
	at java.base/java.lang.Thread.run(Thread.java:840)
2024-09-29 13:02:53 [JettyServerThreadPool-24] WARN  io.javalin.Javalin - Uncaught exception
java.lang.NullPointerException: Cannot invoke "java.util.List.stream()" because the return value of "dat.dtos.HotelDTO.getRooms()" is null
	at dat.entities.Hotel.<init>(Hotel.java:33)
	at dat.daos.HotelDAO.create(HotelDAO.java:63)
	at dat.daos.HotelDAO.createFromList(HotelDAO.java:55)
	at dat.controllers.HotelController.createHotels(HotelController.java:56)
	at io.javalin.router.Endpoint.handle(Endpoint.kt:52)
	at io.javalin.router.ParsedEndpoint.handle(ParsedEndpoint.kt:15)
	at io.javalin.http.servlet.DefaultTasks.HTTP$lambda$9$lambda$7$lambda$6(DefaultTasks.kt:52)
	at io.javalin.http.servlet.JavalinServlet.handleTask(JavalinServlet.kt:99)
	at io.javalin.http.servlet.JavalinServlet.handleSync(JavalinServlet.kt:64)
	at io.javalin.http.servlet.JavalinServlet.handle(JavalinServlet.kt:50)
	at io.javalin.http.servlet.JavalinServlet.service(JavalinServlet.kt:30)
	at jakarta.servlet.http.HttpServlet.service(HttpServlet.java:587)
	at io.javalin.jetty.JavalinJettyServlet.service(JavalinJettyServlet.kt:52)
	at jakarta.servlet.http.HttpServlet.service(HttpServlet.java:587)
	at org.eclipse.jetty.servlet.ServletHolder.handle(ServletHolder.java:764)
	at org.eclipse.jetty.servlet.ServletHandler.doHandle(ServletHandler.java:529)
	at org.eclipse.jetty.server.handler.ScopedHandler.nextHandle(ScopedHandler.java:221)
	at org.eclipse.jetty.server.session.SessionHandler.doHandle(SessionHandler.java:1580)
	at org.eclipse.jetty.server.handler.ScopedHandler.nextHandle(ScopedHandler.java:221)
	at org.eclipse.jetty.server.handler.ContextHandler.doHandle(ContextHandler.java:1381)
	at org.eclipse.jetty.server.handler.ScopedHandler.nextScope(ScopedHandler.java:176)
	at org.eclipse.jetty.servlet.ServletHandler.doScope(ServletHandler.java:484)
	at org.eclipse.jetty.server.session.SessionHandler.doScope(SessionHandler.java:1553)
	at org.eclipse.jetty.server.handler.ScopedHandler.nextScope(ScopedHandler.java:174)
	at org.eclipse.jetty.server.handler.ContextHandler.doScope(ContextHandler.java:1303)
	at org.eclipse.jetty.server.handler.ScopedHandler.handle(ScopedHandler.java:129)
	at org.eclipse.jetty.server.handler.StatisticsHandler.handle(StatisticsHandler.java:173)
	at org.eclipse.jetty.server.handler.HandlerWrapper.handle(HandlerWrapper.java:122)
	at org.eclipse.jetty.server.Server.handle(Server.java:563)
	at org.eclipse.jetty.server.HttpChannel$RequestDispatchable.dispatch(HttpChannel.java:1598)
	at org.eclipse.jetty.server.HttpChannel.dispatch(HttpChannel.java:753)
	at org.eclipse.jetty.server.HttpChannel.handle(HttpChannel.java:501)
	at org.eclipse.jetty.server.HttpConnection.onFillable(HttpConnection.java:287)
	at org.eclipse.jetty.io.AbstractConnection$ReadCallback.succeeded(AbstractConnection.java:314)
	at org.eclipse.jetty.io.FillInterest.fillable(FillInterest.java:100)
	at org.eclipse.jetty.io.SelectableChannelEndPoint$1.run(SelectableChannelEndPoint.java:53)
	at org.eclipse.jetty.util.thread.strategy.AdaptiveExecutionStrategy.runTask(AdaptiveExecutionStrategy.java:421)
	at org.eclipse.jetty.util.thread.strategy.AdaptiveExecutionStrategy.consumeTask(AdaptiveExecutionStrategy.java:390)
	at org.eclipse.jetty.util.thread.strategy.AdaptiveExecutionStrategy.tryProduce(AdaptiveExecutionStrategy.java:277)
	at org.eclipse.jetty.util.thread.strategy.AdaptiveExecutionStrategy.produce(AdaptiveExecutionStrategy.java:193)
	at org.eclipse.jetty.util.thread.QueuedThreadPool.runJob(QueuedThreadPool.java:969)
	at org.eclipse.jetty.util.thread.QueuedThreadPool$Runner.doRunJob(QueuedThreadPool.java:1194)
	at org.eclipse.jetty.util.thread.QueuedThreadPool$Runner.run(QueuedThreadPool.java:1149)
	at java.base/java.lang.Thread.run(Thread.java:840)
2024-09-29 13:16:26 [JettyServerThreadPool-34] WARN  io.javalin.Javalin - Uncaught exception
java.lang.NullPointerException: Cannot invoke "java.util.List.stream()" because the return value of "dat.dtos.HotelDTO.getRooms()" is null
	at dat.entities.Hotel.<init>(Hotel.java:33)
	at dat.daos.HotelDAO.create(HotelDAO.java:63)
	at dat.daos.HotelDAO.createFromList(HotelDAO.java:55)
	at dat.controllers.HotelController.createHotels(HotelController.java:56)
	at io.javalin.router.Endpoint.handle(Endpoint.kt:52)
	at io.javalin.router.ParsedEndpoint.handle(ParsedEndpoint.kt:15)
	at io.javalin.http.servlet.DefaultTasks.HTTP$lambda$9$lambda$7$lambda$6(DefaultTasks.kt:52)
	at io.javalin.http.servlet.JavalinServlet.handleTask(JavalinServlet.kt:99)
	at io.javalin.http.servlet.JavalinServlet.handleSync(JavalinServlet.kt:64)
	at io.javalin.http.servlet.JavalinServlet.handle(JavalinServlet.kt:50)
	at io.javalin.http.servlet.JavalinServlet.service(JavalinServlet.kt:30)
	at jakarta.servlet.http.HttpServlet.service(HttpServlet.java:587)
	at io.javalin.jetty.JavalinJettyServlet.service(JavalinJettyServlet.kt:52)
	at jakarta.servlet.http.HttpServlet.service(HttpServlet.java:587)
	at org.eclipse.jetty.servlet.ServletHolder.handle(ServletHolder.java:764)
	at org.eclipse.jetty.servlet.ServletHandler.doHandle(ServletHandler.java:529)
	at org.eclipse.jetty.server.handler.ScopedHandler.nextHandle(ScopedHandler.java:221)
	at org.eclipse.jetty.server.session.SessionHandler.doHandle(SessionHandler.java:1580)
	at org.eclipse.jetty.server.handler.ScopedHandler.nextHandle(ScopedHandler.java:221)
	at org.eclipse.jetty.server.handler.ContextHandler.doHandle(ContextHandler.java:1381)
	at org.eclipse.jetty.server.handler.ScopedHandler.nextScope(ScopedHandler.java:176)
	at org.eclipse.jetty.servlet.ServletHandler.doScope(ServletHandler.java:484)
	at org.eclipse.jetty.server.session.SessionHandler.doScope(SessionHandler.java:1553)
	at org.eclipse.jetty.server.handler.ScopedHandler.nextScope(ScopedHandler.java:174)
	at org.eclipse.jetty.server.handler.ContextHandler.doScope(ContextHandler.java:1303)
	at org.eclipse.jetty.server.handler.ScopedHandler.handle(ScopedHandler.java:129)
	at org.eclipse.jetty.server.handler.StatisticsHandler.handle(StatisticsHandler.java:173)
	at org.eclipse.jetty.server.handler.HandlerWrapper.handle(HandlerWrapper.java:122)
	at org.eclipse.jetty.server.Server.handle(Server.java:563)
	at org.eclipse.jetty.server.HttpChannel$RequestDispatchable.dispatch(HttpChannel.java:1598)
	at org.eclipse.jetty.server.HttpChannel.dispatch(HttpChannel.java:753)
	at org.eclipse.jetty.server.HttpChannel.handle(HttpChannel.java:501)
	at org.eclipse.jetty.server.HttpConnection.onFillable(HttpConnection.java:287)
	at org.eclipse.jetty.io.AbstractConnection$ReadCallback.succeeded(AbstractConnection.java:314)
	at org.eclipse.jetty.io.FillInterest.fillable(FillInterest.java:100)
	at org.eclipse.jetty.io.SelectableChannelEndPoint$1.run(SelectableChannelEndPoint.java:53)
	at org.eclipse.jetty.util.thread.QueuedThreadPool.runJob(QueuedThreadPool.java:969)
	at org.eclipse.jetty.util.thread.QueuedThreadPool$Runner.doRunJob(QueuedThreadPool.java:1194)
	at org.eclipse.jetty.util.thread.QueuedThreadPool$Runner.run(QueuedThreadPool.java:1149)
	at java.base/java.lang.Thread.run(Thread.java:840)
2024-09-29 13:16:50 [main] INFO  org.hibernate.Version - HHH000412: Hibernate ORM core version 6.2.4.Final
2024-09-29 13:16:50 [main] INFO  org.hibernate.cfg.Environment - HHH000406: Using bytecode reflection optimizer
2024-09-29 13:16:50 [main] WARN  o.hibernate.orm.connections.pooling - HHH10001002: Using built-in connection pool (not intended for production use)
2024-09-29 13:16:50 [main] INFO  o.hibernate.orm.connections.pooling - HHH10001005: Loaded JDBC driver class: org.postgresql.Driver
2024-09-29 13:16:50 [main] INFO  o.hibernate.orm.connections.pooling - HHH10001012: Connecting with JDBC URL [jdbc:postgresql://localhost:5432/hotel]
2024-09-29 13:16:50 [main] INFO  o.hibernate.orm.connections.pooling - HHH10001001: Connection properties: {password=****, user=postgres}
2024-09-29 13:16:50 [main] INFO  o.hibernate.orm.connections.pooling - HHH10001003: Autocommit mode: false
2024-09-29 13:16:50 [main] INFO  o.hibernate.orm.connections.pooling - HHH10001115: Connection pool size: 20 (min=1)
2024-09-29 13:16:51 [main] INFO  o.h.b.i.BytecodeProviderInitiator - HHH000021: Bytecode provider name : bytebuddy
2024-09-29 13:16:52 [main] INFO  o.hibernate.orm.connections.access - HHH10001501: Connection obtained from JdbcConnectionAccess [org.hibernate.engine.jdbc.env.internal.JdbcEnvironmentInitiator$ConnectionProviderJdbcConnectionAccess@57f8951a] for (non-JTA) DDL execution was not in auto-commit mode; the Connection 'local transaction' will be committed and the Connection will be set into auto-commit mode.
2024-09-29 13:16:52 [main] INFO  io.javalin.Javalin - Starting Javalin ...
2024-09-29 13:16:52 [main] INFO  org.eclipse.jetty.server.Server - jetty-11.0.23; built: 2024-08-14T01:40:17.906Z; git: 6fcf5ccaebd7ca13a0cb96c96adca699a24080a0; jvm 17.0.12+7-LTS
2024-09-29 13:16:52 [main] INFO  o.e.j.s.s.DefaultSessionIdManager - Session workerName=node0
2024-09-29 13:16:52 [main] INFO  o.e.j.server.handler.ContextHandler - Started o.e.j.s.ServletContextHandler@7b297740{/api/v1,null,AVAILABLE}
2024-09-29 13:16:52 [main] INFO  o.e.jetty.server.AbstractConnector - Started ServerConnector@3fb450d7{HTTP/1.1, (http/1.1)}{0.0.0.0:7777}
2024-09-29 13:16:52 [main] INFO  org.eclipse.jetty.server.Server - Started Server@581c9bb7{STARTING}[11.0.23,sto=0] @2364ms
2024-09-29 13:16:52 [main] INFO  io.javalin.Javalin - Javalin started in 177ms \o/
2024-09-29 13:16:52 [main] INFO  io.javalin.Javalin - Listening on http://localhost:7777/api/v1
2024-09-29 13:16:52 [main] INFO  io.javalin.Javalin - You are running Javalin 6.3.0 (released August 22, 2024).
2024-09-29 13:22:31 [JettyServerThreadPool-22] WARN  io.javalin.Javalin - Uncaught exception
org.hibernate.PropertyValueException: not-null property references a null or transient value : dat.entities.Room.hotelId
	at org.hibernate.engine.internal.Nullability.checkNullability(Nullability.java:109)
	at org.hibernate.engine.internal.Nullability.checkNullability(Nullability.java:54)
	at org.hibernate.event.internal.DefaultFlushEntityEventListener.scheduleUpdate(DefaultFlushEntityEventListener.java:248)
	at org.hibernate.event.internal.DefaultFlushEntityEventListener.onFlushEntity(DefaultFlushEntityEventListener.java:143)
	at org.hibernate.event.service.internal.EventListenerGroupImpl.fireEventOnEachListener(EventListenerGroupImpl.java:127)
	at org.hibernate.event.internal.AbstractFlushingEventListener.flushEntities(AbstractFlushingEventListener.java:221)
	at org.hibernate.event.internal.AbstractFlushingEventListener.flushEverythingToExecutions(AbstractFlushingEventListener.java:90)
	at org.hibernate.event.internal.DefaultFlushEventListener.onFlush(DefaultFlushEventListener.java:38)
	at org.hibernate.event.service.internal.EventListenerGroupImpl.fireEventOnEachListener(EventListenerGroupImpl.java:127)
	at org.hibernate.internal.SessionImpl.doFlush(SessionImpl.java:1412)
	at org.hibernate.internal.SessionImpl.managedFlush(SessionImpl.java:485)
	at org.hibernate.internal.SessionImpl.flushBeforeTransactionCompletion(SessionImpl.java:2301)
	at org.hibernate.internal.SessionImpl.beforeTransactionCompletion(SessionImpl.java:1966)
	at org.hibernate.engine.jdbc.internal.JdbcCoordinatorImpl.beforeTransactionCompletion(JdbcCoordinatorImpl.java:439)
	at org.hibernate.resource.transaction.backend.jdbc.internal.JdbcResourceLocalTransactionCoordinatorImpl.beforeCompletionCallback(JdbcResourceLocalTransactionCoordinatorImpl.java:169)
	at org.hibernate.resource.transaction.backend.jdbc.internal.JdbcResourceLocalTransactionCoordinatorImpl$TransactionDriverControlImpl.commit(JdbcResourceLocalTransactionCoordinatorImpl.java:267)
	at org.hibernate.engine.transaction.internal.TransactionImpl.commit(TransactionImpl.java:101)
	at dat.daos.RoomDAO.update(RoomDAO.java:81)
	at dat.controllers.RoomController.update(RoomController.java:61)
	at io.javalin.router.Endpoint.handle(Endpoint.kt:52)
	at io.javalin.router.ParsedEndpoint.handle(ParsedEndpoint.kt:15)
	at io.javalin.http.servlet.DefaultTasks.HTTP$lambda$9$lambda$7$lambda$6(DefaultTasks.kt:52)
	at io.javalin.http.servlet.JavalinServlet.handleTask(JavalinServlet.kt:99)
	at io.javalin.http.servlet.JavalinServlet.handleSync(JavalinServlet.kt:64)
	at io.javalin.http.servlet.JavalinServlet.handle(JavalinServlet.kt:50)
	at io.javalin.http.servlet.JavalinServlet.service(JavalinServlet.kt:30)
	at jakarta.servlet.http.HttpServlet.service(HttpServlet.java:587)
	at io.javalin.jetty.JavalinJettyServlet.service(JavalinJettyServlet.kt:52)
	at jakarta.servlet.http.HttpServlet.service(HttpServlet.java:587)
	at org.eclipse.jetty.servlet.ServletHolder.handle(ServletHolder.java:764)
	at org.eclipse.jetty.servlet.ServletHandler.doHandle(ServletHandler.java:529)
	at org.eclipse.jetty.server.handler.ScopedHandler.nextHandle(ScopedHandler.java:221)
	at org.eclipse.jetty.server.session.SessionHandler.doHandle(SessionHandler.java:1580)
	at org.eclipse.jetty.server.handler.ScopedHandler.nextHandle(ScopedHandler.java:221)
	at org.eclipse.jetty.server.handler.ContextHandler.doHandle(ContextHandler.java:1381)
	at org.eclipse.jetty.server.handler.ScopedHandler.nextScope(ScopedHandler.java:176)
	at org.eclipse.jetty.servlet.ServletHandler.doScope(ServletHandler.java:484)
	at org.eclipse.jetty.server.session.SessionHandler.doScope(SessionHandler.java:1553)
	at org.eclipse.jetty.server.handler.ScopedHandler.nextScope(ScopedHandler.java:174)
	at org.eclipse.jetty.server.handler.ContextHandler.doScope(ContextHandler.java:1303)
	at org.eclipse.jetty.server.handler.ScopedHandler.handle(ScopedHandler.java:129)
	at org.eclipse.jetty.server.handler.StatisticsHandler.handle(StatisticsHandler.java:173)
	at org.eclipse.jetty.server.handler.HandlerWrapper.handle(HandlerWrapper.java:122)
	at org.eclipse.jetty.server.Server.handle(Server.java:563)
	at org.eclipse.jetty.server.HttpChannel$RequestDispatchable.dispatch(HttpChannel.java:1598)
	at org.eclipse.jetty.server.HttpChannel.dispatch(HttpChannel.java:753)
	at org.eclipse.jetty.server.HttpChannel.handle(HttpChannel.java:501)
	at org.eclipse.jetty.server.HttpConnection.onFillable(HttpConnection.java:287)
	at org.eclipse.jetty.io.AbstractConnection$ReadCallback.succeeded(AbstractConnection.java:314)
	at org.eclipse.jetty.io.FillInterest.fillable(FillInterest.java:100)
	at org.eclipse.jetty.io.SelectableChannelEndPoint$1.run(SelectableChannelEndPoint.java:53)
	at org.eclipse.jetty.util.thread.strategy.AdaptiveExecutionStrategy.runTask(AdaptiveExecutionStrategy.java:421)
	at org.eclipse.jetty.util.thread.strategy.AdaptiveExecutionStrategy.consumeTask(AdaptiveExecutionStrategy.java:390)
	at org.eclipse.jetty.util.thread.strategy.AdaptiveExecutionStrategy.tryProduce(AdaptiveExecutionStrategy.java:277)
	at org.eclipse.jetty.util.thread.strategy.AdaptiveExecutionStrategy.run(AdaptiveExecutionStrategy.java:199)
	at org.eclipse.jetty.util.thread.ReservedThreadExecutor$ReservedThread.run(ReservedThreadExecutor.java:411)
	at org.eclipse.jetty.util.thread.QueuedThreadPool.runJob(QueuedThreadPool.java:969)
	at org.eclipse.jetty.util.thread.QueuedThreadPool$Runner.doRunJob(QueuedThreadPool.java:1194)
	at org.eclipse.jetty.util.thread.QueuedThreadPool$Runner.run(QueuedThreadPool.java:1149)
	at java.base/java.lang.Thread.run(Thread.java:840)
2024-09-30 08:52:37 [main] INFO  org.hibernate.Version - HHH000412: Hibernate ORM core version 6.2.4.Final
2024-09-30 08:52:37 [main] INFO  org.hibernate.cfg.Environment - HHH000406: Using bytecode reflection optimizer
2024-09-30 08:52:38 [main] WARN  o.hibernate.orm.connections.pooling - HHH10001002: Using built-in connection pool (not intended for production use)
2024-09-30 08:52:38 [main] INFO  o.hibernate.orm.connections.pooling - HHH10001005: Loaded JDBC driver class: org.postgresql.Driver
2024-09-30 08:52:38 [main] INFO  o.hibernate.orm.connections.pooling - HHH10001012: Connecting with JDBC URL [jdbc:postgresql://localhost:5432/hotel]
2024-09-30 08:52:38 [main] INFO  o.hibernate.orm.connections.pooling - HHH10001001: Connection properties: {password=****, user=postgres}
2024-09-30 08:52:38 [main] INFO  o.hibernate.orm.connections.pooling - HHH10001003: Autocommit mode: false
2024-09-30 08:52:38 [main] INFO  o.hibernate.orm.connections.pooling - HHH10001115: Connection pool size: 20 (min=1)
2024-09-30 08:52:38 [main] INFO  o.h.b.i.BytecodeProviderInitiator - HHH000021: Bytecode provider name : bytebuddy
2024-09-30 08:52:39 [main] INFO  o.hibernate.orm.connections.access - HHH10001501: Connection obtained from JdbcConnectionAccess [org.hibernate.engine.jdbc.env.internal.JdbcEnvironmentInitiator$ConnectionProviderJdbcConnectionAccess@2506e949] for (non-JTA) DDL execution was not in auto-commit mode; the Connection 'local transaction' will be committed and the Connection will be set into auto-commit mode.
2024-09-30 08:52:40 [main] INFO  io.javalin.Javalin - Starting Javalin ...
2024-09-30 08:52:40 [main] INFO  org.eclipse.jetty.server.Server - jetty-11.0.23; built: 2024-08-14T01:40:17.906Z; git: 6fcf5ccaebd7ca13a0cb96c96adca699a24080a0; jvm 17.0.12+7-LTS
2024-09-30 08:52:40 [main] INFO  o.e.j.s.s.DefaultSessionIdManager - Session workerName=node0
2024-09-30 08:52:40 [main] INFO  o.e.j.server.handler.ContextHandler - Started o.e.j.s.ServletContextHandler@b06d46d{/api/v1,null,AVAILABLE}
2024-09-30 08:52:40 [main] INFO  o.e.jetty.server.AbstractConnector - Started ServerConnector@1595d2b2{HTTP/1.1, (http/1.1)}{0.0.0.0:7777}
2024-09-30 08:52:40 [main] INFO  org.eclipse.jetty.server.Server - Started Server@342ee097{STARTING}[11.0.23,sto=0] @4440ms
2024-09-30 08:52:40 [main] INFO  io.javalin.Javalin - Javalin started in 251ms \o/
2024-09-30 08:52:40 [main] INFO  io.javalin.Javalin - Listening on http://localhost:7777/api/v1
2024-09-30 08:52:40 [main] INFO  io.javalin.Javalin - You are running Javalin 6.3.0 (released August 22, 2024).
2024-09-30 09:30:30 [main] INFO  org.hibernate.Version - HHH000412: Hibernate ORM core version 6.2.4.Final
2024-09-30 09:30:30 [main] INFO  org.hibernate.cfg.Environment - HHH000406: Using bytecode reflection optimizer
2024-09-30 09:30:30 [main] WARN  o.hibernate.orm.connections.pooling - HHH10001002: Using built-in connection pool (not intended for production use)
2024-09-30 09:30:30 [main] INFO  o.hibernate.orm.connections.pooling - HHH10001005: Loaded JDBC driver class: org.postgresql.Driver
2024-09-30 09:30:30 [main] INFO  o.hibernate.orm.connections.pooling - HHH10001012: Connecting with JDBC URL [jdbc:postgresql://localhost:5432/hotel]
2024-09-30 09:30:30 [main] INFO  o.hibernate.orm.connections.pooling - HHH10001001: Connection properties: {password=****, user=postgres}
2024-09-30 09:30:30 [main] INFO  o.hibernate.orm.connections.pooling - HHH10001003: Autocommit mode: false
2024-09-30 09:30:30 [main] INFO  o.hibernate.orm.connections.pooling - HHH10001115: Connection pool size: 20 (min=1)
2024-09-30 09:30:31 [main] INFO  o.h.b.i.BytecodeProviderInitiator - HHH000021: Bytecode provider name : bytebuddy
2024-09-30 09:30:32 [main] INFO  o.hibernate.orm.connections.access - HHH10001501: Connection obtained from JdbcConnectionAccess [org.hibernate.engine.jdbc.env.internal.JdbcEnvironmentInitiator$ConnectionProviderJdbcConnectionAccess@364b1061] for (non-JTA) DDL execution was not in auto-commit mode; the Connection 'local transaction' will be committed and the Connection will be set into auto-commit mode.
2024-09-30 09:30:32 [main] INFO  io.javalin.Javalin - Starting Javalin ...
2024-09-30 09:30:32 [main] INFO  org.eclipse.jetty.server.Server - jetty-11.0.23; built: 2024-08-14T01:40:17.906Z; git: 6fcf5ccaebd7ca13a0cb96c96adca699a24080a0; jvm 17.0.12+7-LTS
2024-09-30 09:30:32 [main] INFO  o.e.j.s.s.DefaultSessionIdManager - Session workerName=node0
2024-09-30 09:30:32 [main] INFO  o.e.j.server.handler.ContextHandler - Started o.e.j.s.ServletContextHandler@6dd79214{/api/v1,null,AVAILABLE}
2024-09-30 09:30:32 [main] INFO  o.e.jetty.server.AbstractConnector - Started ServerConnector@3caee3a8{HTTP/1.1, (http/1.1)}{0.0.0.0:7777}
2024-09-30 09:30:32 [main] INFO  org.eclipse.jetty.server.Server - Started Server@4584304{STARTING}[11.0.23,sto=0] @2902ms
2024-09-30 09:30:32 [main] INFO  io.javalin.Javalin - Javalin started in 201ms \o/
2024-09-30 09:30:32 [main] INFO  io.javalin.Javalin - Listening on http://localhost:7777/api/v1
2024-09-30 09:30:32 [main] INFO  io.javalin.Javalin - You are running Javalin 6.3.0 (released August 22, 2024).
2024-10-05 13:50:43 [main] INFO  org.hibernate.Version - HHH000412: Hibernate ORM core version 6.2.4.Final
2024-10-05 13:50:43 [main] INFO  org.hibernate.cfg.Environment - HHH000406: Using bytecode reflection optimizer
2024-10-05 13:50:43 [main] WARN  o.hibernate.orm.connections.pooling - HHH10001002: Using built-in connection pool (not intended for production use)
2024-10-05 13:50:43 [main] INFO  o.hibernate.orm.connections.pooling - HHH10001005: Loaded JDBC driver class: org.postgresql.Driver
2024-10-05 13:50:43 [main] INFO  o.hibernate.orm.connections.pooling - HHH10001012: Connecting with JDBC URL [jdbc:postgresql://localhost:5432/hotel]
2024-10-05 13:50:43 [main] INFO  o.hibernate.orm.connections.pooling - HHH10001001: Connection properties: {password=****, user=postgres}
2024-10-05 13:50:43 [main] INFO  o.hibernate.orm.connections.pooling - HHH10001003: Autocommit mode: false
2024-10-05 13:50:43 [main] INFO  o.hibernate.orm.connections.pooling - HHH10001115: Connection pool size: 20 (min=1)
2024-10-05 13:50:44 [main] INFO  o.h.b.i.BytecodeProviderInitiator - HHH000021: Bytecode provider name : bytebuddy
2024-10-05 13:50:45 [main] INFO  o.hibernate.orm.connections.access - HHH10001501: Connection obtained from JdbcConnectionAccess [org.hibernate.engine.jdbc.env.internal.JdbcEnvironmentInitiator$ConnectionProviderJdbcConnectionAccess@2ce524d2] for (non-JTA) DDL execution was not in auto-commit mode; the Connection 'local transaction' will be committed and the Connection will be set into auto-commit mode.
2024-10-05 13:50:47 [main] INFO  io.javalin.Javalin - Starting Javalin ...
2024-10-05 13:50:47 [main] INFO  org.eclipse.jetty.server.Server - jetty-11.0.23; built: 2024-08-14T01:40:17.906Z; git: 6fcf5ccaebd7ca13a0cb96c96adca699a24080a0; jvm 17.0.12+7-LTS
2024-10-05 13:50:47 [main] INFO  o.e.j.s.s.DefaultSessionIdManager - Session workerName=node0
2024-10-05 13:50:47 [main] INFO  o.e.j.server.handler.ContextHandler - Started o.e.j.s.ServletContextHandler@3356ff58{/api/v1,null,AVAILABLE}
2024-10-05 13:50:47 [main] INFO  o.e.jetty.server.AbstractConnector - Started ServerConnector@4d43a1b7{HTTP/1.1, (http/1.1)}{0.0.0.0:7777}
2024-10-05 13:50:47 [main] INFO  org.eclipse.jetty.server.Server - Started Server@71b26880{STARTING}[11.0.23,sto=0] @6001ms
2024-10-05 13:50:47 [main] INFO  io.javalin.Javalin - Javalin started in 261ms \o/
2024-10-05 13:50:47 [main] INFO  io.javalin.Javalin - Listening on http://localhost:7777/api/v1
2024-10-05 13:50:47 [main] INFO  io.javalin.Javalin - You are running Javalin 6.3.0 (released August 22, 2024).
2024-10-05 13:56:04 [main] INFO  org.hibernate.Version - HHH000412: Hibernate ORM core version 6.2.4.Final
2024-10-05 13:56:04 [main] INFO  org.hibernate.cfg.Environment - HHH000406: Using bytecode reflection optimizer
2024-10-05 13:56:04 [main] WARN  o.hibernate.orm.connections.pooling - HHH10001002: Using built-in connection pool (not intended for production use)
2024-10-05 13:56:04 [main] INFO  o.hibernate.orm.connections.pooling - HHH10001005: Loaded JDBC driver class: org.postgresql.Driver
2024-10-05 13:56:04 [main] INFO  o.hibernate.orm.connections.pooling - HHH10001012: Connecting with JDBC URL [jdbc:postgresql://localhost:5432/hotel]
2024-10-05 13:56:04 [main] INFO  o.hibernate.orm.connections.pooling - HHH10001001: Connection properties: {password=****, user=postgres}
2024-10-05 13:56:04 [main] INFO  o.hibernate.orm.connections.pooling - HHH10001003: Autocommit mode: false
2024-10-05 13:56:04 [main] INFO  o.hibernate.orm.connections.pooling - HHH10001115: Connection pool size: 20 (min=1)
2024-10-05 13:56:05 [main] INFO  o.h.b.i.BytecodeProviderInitiator - HHH000021: Bytecode provider name : bytebuddy
2024-10-05 13:56:06 [main] INFO  o.hibernate.orm.connections.access - HHH10001501: Connection obtained from JdbcConnectionAccess [org.hibernate.engine.jdbc.env.internal.JdbcEnvironmentInitiator$ConnectionProviderJdbcConnectionAccess@8641b7d] for (non-JTA) DDL execution was not in auto-commit mode; the Connection 'local transaction' will be committed and the Connection will be set into auto-commit mode.
2024-10-05 13:56:06 [main] INFO  io.javalin.Javalin - Starting Javalin ...
2024-10-05 13:56:06 [main] INFO  org.eclipse.jetty.server.Server - jetty-11.0.23; built: 2024-08-14T01:40:17.906Z; git: 6fcf5ccaebd7ca13a0cb96c96adca699a24080a0; jvm 17.0.12+7-LTS
2024-10-05 13:56:06 [main] INFO  o.e.j.s.s.DefaultSessionIdManager - Session workerName=node0
2024-10-05 13:56:06 [main] INFO  o.e.j.server.handler.ContextHandler - Started o.e.j.s.ServletContextHandler@6d0114c0{/api/v1,null,AVAILABLE}
2024-10-05 13:56:06 [main] INFO  o.e.jetty.server.AbstractConnector - Started ServerConnector@50dc49e1{HTTP/1.1, (http/1.1)}{0.0.0.0:7777}
2024-10-05 13:56:06 [main] INFO  org.eclipse.jetty.server.Server - Started Server@63de4fa{STARTING}[11.0.23,sto=0] @2628ms
2024-10-05 13:56:06 [main] INFO  io.javalin.Javalin - Javalin started in 162ms \o/
2024-10-05 13:56:06 [main] INFO  io.javalin.Javalin - Listening on http://localhost:7777/api/v1
2024-10-05 13:56:06 [main] INFO  io.javalin.Javalin - You are running Javalin 6.3.0 (released August 22, 2024).
2024-10-05 14:25:59 [main] INFO  org.hibernate.Version - HHH000412: Hibernate ORM core version 6.2.4.Final
2024-10-05 14:25:59 [main] INFO  org.hibernate.cfg.Environment - HHH000406: Using bytecode reflection optimizer
2024-10-05 14:25:59 [main] WARN  o.hibernate.orm.connections.pooling - HHH10001002: Using built-in connection pool (not intended for production use)
2024-10-05 14:25:59 [main] INFO  o.hibernate.orm.connections.pooling - HHH10001005: Loaded JDBC driver class: org.postgresql.Driver
2024-10-05 14:25:59 [main] INFO  o.hibernate.orm.connections.pooling - HHH10001012: Connecting with JDBC URL [jdbc:postgresql://localhost:5432/hotel]
2024-10-05 14:25:59 [main] INFO  o.hibernate.orm.connections.pooling - HHH10001001: Connection properties: {password=****, user=postgres}
2024-10-05 14:25:59 [main] INFO  o.hibernate.orm.connections.pooling - HHH10001003: Autocommit mode: false
2024-10-05 14:25:59 [main] INFO  o.hibernate.orm.connections.pooling - HHH10001115: Connection pool size: 20 (min=1)
2024-10-05 14:26:00 [main] INFO  o.h.b.i.BytecodeProviderInitiator - HHH000021: Bytecode provider name : bytebuddy
2024-10-05 14:26:01 [main] INFO  o.hibernate.orm.connections.access - HHH10001501: Connection obtained from JdbcConnectionAccess [org.hibernate.engine.jdbc.env.internal.JdbcEnvironmentInitiator$ConnectionProviderJdbcConnectionAccess@636985df] for (non-JTA) DDL execution was not in auto-commit mode; the Connection 'local transaction' will be committed and the Connection will be set into auto-commit mode.
2024-10-05 14:26:02 [main] INFO  io.javalin.Javalin - Starting Javalin ...
2024-10-05 14:26:02 [main] INFO  org.eclipse.jetty.server.Server - jetty-11.0.23; built: 2024-08-14T01:40:17.906Z; git: 6fcf5ccaebd7ca13a0cb96c96adca699a24080a0; jvm 17.0.12+7-LTS
2024-10-05 14:26:02 [main] INFO  o.e.j.s.s.DefaultSessionIdManager - Session workerName=node0
2024-10-05 14:26:02 [main] INFO  o.e.j.server.handler.ContextHandler - Started o.e.j.s.ServletContextHandler@f849027{/api/v1,null,AVAILABLE}
2024-10-05 14:26:02 [main] INFO  o.e.jetty.server.AbstractConnector - Started ServerConnector@1ac0cdb0{HTTP/1.1, (http/1.1)}{0.0.0.0:7777}
2024-10-05 14:26:02 [main] INFO  org.eclipse.jetty.server.Server - Started Server@45cd8607{STARTING}[11.0.23,sto=0] @2823ms
2024-10-05 14:26:02 [main] INFO  io.javalin.Javalin - Javalin started in 189ms \o/
2024-10-05 14:26:02 [main] INFO  io.javalin.Javalin - Listening on http://localhost:7777/api/v1
2024-10-05 14:26:02 [main] INFO  io.javalin.Javalin - You are running Javalin 6.3.0 (released August 22, 2024).
2024-10-05 14:26:07 [JettyServerThreadPool-32] WARN  dat.config.ApplicationConfig - An API exception occurred: Code: 500, Message: Could not create token
2024-10-05 14:29:56 [main] INFO  org.hibernate.Version - HHH000412: Hibernate ORM core version 6.2.4.Final
2024-10-05 14:29:56 [main] INFO  org.hibernate.cfg.Environment - HHH000406: Using bytecode reflection optimizer
2024-10-05 14:29:57 [main] WARN  o.hibernate.orm.connections.pooling - HHH10001002: Using built-in connection pool (not intended for production use)
2024-10-05 14:29:57 [main] INFO  o.hibernate.orm.connections.pooling - HHH10001005: Loaded JDBC driver class: org.postgresql.Driver
2024-10-05 14:29:57 [main] INFO  o.hibernate.orm.connections.pooling - HHH10001012: Connecting with JDBC URL [jdbc:postgresql://localhost:5432/hotel]
2024-10-05 14:29:57 [main] INFO  o.hibernate.orm.connections.pooling - HHH10001001: Connection properties: {password=****, user=postgres}
2024-10-05 14:29:57 [main] INFO  o.hibernate.orm.connections.pooling - HHH10001003: Autocommit mode: false
2024-10-05 14:29:57 [main] INFO  o.hibernate.orm.connections.pooling - HHH10001115: Connection pool size: 20 (min=1)
2024-10-05 14:29:57 [main] INFO  o.h.b.i.BytecodeProviderInitiator - HHH000021: Bytecode provider name : bytebuddy
2024-10-05 14:29:58 [main] INFO  o.hibernate.orm.connections.access - HHH10001501: Connection obtained from JdbcConnectionAccess [org.hibernate.engine.jdbc.env.internal.JdbcEnvironmentInitiator$ConnectionProviderJdbcConnectionAccess@6cbb7a7d] for (non-JTA) DDL execution was not in auto-commit mode; the Connection 'local transaction' will be committed and the Connection will be set into auto-commit mode.
2024-10-05 14:29:59 [main] INFO  io.javalin.Javalin - Starting Javalin ...
2024-10-05 14:29:59 [main] INFO  org.eclipse.jetty.server.Server - jetty-11.0.23; built: 2024-08-14T01:40:17.906Z; git: 6fcf5ccaebd7ca13a0cb96c96adca699a24080a0; jvm 17.0.12+7-LTS
2024-10-05 14:29:59 [main] INFO  o.e.j.s.s.DefaultSessionIdManager - Session workerName=node0
2024-10-05 14:29:59 [main] INFO  o.e.j.server.handler.ContextHandler - Started o.e.j.s.ServletContextHandler@699e0bf0{/api/v1,null,AVAILABLE}
2024-10-05 14:29:59 [main] INFO  o.e.jetty.server.AbstractConnector - Started ServerConnector@4af12a63{HTTP/1.1, (http/1.1)}{0.0.0.0:7777}
2024-10-05 14:29:59 [main] INFO  org.eclipse.jetty.server.Server - Started Server@16ac4d3d{STARTING}[11.0.23,sto=0] @2619ms
2024-10-05 14:29:59 [main] INFO  io.javalin.Javalin - Javalin started in 175ms \o/
2024-10-05 14:29:59 [main] INFO  io.javalin.Javalin - Listening on http://localhost:7777/api/v1
2024-10-05 14:29:59 [main] INFO  io.javalin.Javalin - You are running Javalin 6.3.0 (released August 22, 2024).
2024-10-05 14:30:13 [JettyServerThreadPool-32] WARN  dat.config.ApplicationConfig - An API exception occurred: Code: 400, Message: User with username: Anders already exists
2024-10-05 14:32:07 [JettyServerThreadPool-23] INFO  d.s.controllers.SecurityController - User verified: UserDTO(username=Fifi, password=null, roles=[USER])
2024-10-05 14:41:05 [JettyServerThreadPool-34] INFO  d.s.controllers.SecurityController - User verified: UserDTO(username=Fifi, password=null, roles=[USER])
2024-10-05 14:41:45 [JettyServerThreadPool-25] WARN  dat.config.ApplicationConfig - An API exception occurred: Code: 400, Message: User with username: Fifi already exists
2024-10-05 14:44:35 [JettyServerThreadPool-25] WARN  dat.config.ApplicationConfig - An API exception occurred: Code: 400, Message: User with username: Fifi already exists
2024-10-05 14:47:08 [JettyServerThreadPool-22] INFO  d.s.controllers.SecurityController - User verified: UserDTO(username=Fatima, password=null, roles=[USER])
2024-10-05 14:48:12 [JettyServerThreadPool-26] INFO  d.s.controllers.SecurityController - User verified: UserDTO(username=Fatima, password=null, roles=[USER])
2024-10-05 14:48:55 [JettyServerThreadPool-23] INFO  d.s.controllers.SecurityController - User verified: UserDTO(username=Fatima, password=null, roles=[USER])
2024-10-05 14:52:04 [JettyServerThreadPool-34] INFO  d.s.controllers.SecurityController - User verified: UserDTO(username=Fatima, password=null, roles=[admin])
2024-10-05 14:53:01 [main] INFO  org.hibernate.Version - HHH000412: Hibernate ORM core version 6.2.4.Final
2024-10-05 14:53:01 [main] INFO  org.hibernate.cfg.Environment - HHH000406: Using bytecode reflection optimizer
2024-10-05 14:53:01 [main] WARN  o.hibernate.orm.connections.pooling - HHH10001002: Using built-in connection pool (not intended for production use)
2024-10-05 14:53:01 [main] INFO  o.hibernate.orm.connections.pooling - HHH10001005: Loaded JDBC driver class: org.postgresql.Driver
2024-10-05 14:53:01 [main] INFO  o.hibernate.orm.connections.pooling - HHH10001012: Connecting with JDBC URL [jdbc:postgresql://localhost:5432/hotel]
2024-10-05 14:53:01 [main] INFO  o.hibernate.orm.connections.pooling - HHH10001001: Connection properties: {password=****, user=postgres}
2024-10-05 14:53:01 [main] INFO  o.hibernate.orm.connections.pooling - HHH10001003: Autocommit mode: false
2024-10-05 14:53:01 [main] INFO  o.hibernate.orm.connections.pooling - HHH10001115: Connection pool size: 20 (min=1)
2024-10-05 14:53:02 [main] INFO  o.h.b.i.BytecodeProviderInitiator - HHH000021: Bytecode provider name : bytebuddy
2024-10-05 14:53:03 [main] INFO  o.hibernate.orm.connections.access - HHH10001501: Connection obtained from JdbcConnectionAccess [org.hibernate.engine.jdbc.env.internal.JdbcEnvironmentInitiator$ConnectionProviderJdbcConnectionAccess@6094de13] for (non-JTA) DDL execution was not in auto-commit mode; the Connection 'local transaction' will be committed and the Connection will be set into auto-commit mode.
2024-10-05 14:53:03 [main] INFO  io.javalin.Javalin - Starting Javalin ...
2024-10-05 14:53:03 [main] INFO  org.eclipse.jetty.server.Server - jetty-11.0.23; built: 2024-08-14T01:40:17.906Z; git: 6fcf5ccaebd7ca13a0cb96c96adca699a24080a0; jvm 17.0.12+7-LTS
2024-10-05 14:53:03 [main] INFO  o.e.j.s.s.DefaultSessionIdManager - Session workerName=node0
2024-10-05 14:53:03 [main] INFO  o.e.j.server.handler.ContextHandler - Started o.e.j.s.ServletContextHandler@6bd7439d{/api/v1,null,AVAILABLE}
2024-10-05 14:53:03 [main] INFO  o.e.jetty.server.AbstractConnector - Started ServerConnector@4cecc15a{HTTP/1.1, (http/1.1)}{0.0.0.0:7777}
2024-10-05 14:53:03 [main] INFO  org.eclipse.jetty.server.Server - Started Server@5dc7841c{STARTING}[11.0.23,sto=0] @2678ms
2024-10-05 14:53:03 [main] INFO  io.javalin.Javalin - Javalin started in 239ms \o/
2024-10-05 14:53:03 [main] INFO  io.javalin.Javalin - Listening on http://localhost:7777/api/v1
2024-10-05 14:53:03 [main] INFO  io.javalin.Javalin - You are running Javalin 6.3.0 (released August 22, 2024).
2024-10-05 14:53:13 [JettyServerThreadPool-32] INFO  d.s.controllers.SecurityController - User verified: UserDTO(username=Fatima, password=null, roles=[admin])
2024-10-05 14:56:31 [JettyServerThreadPool-23] INFO  d.s.controllers.SecurityController - User verified: UserDTO(username=Fatima, password=null, roles=[admin])
2024-10-05 14:58:54 [JettyServerThreadPool-25] INFO  d.s.controllers.SecurityController - User verified: UserDTO(username=Fatima, password=null, roles=[admin, user])
2024-10-07 09:09:56 [main] INFO  org.hibernate.Version - HHH000412: Hibernate ORM core version 6.2.4.Final
2024-10-07 09:09:56 [main] INFO  org.hibernate.cfg.Environment - HHH000406: Using bytecode reflection optimizer
2024-10-07 09:09:56 [main] WARN  o.hibernate.orm.connections.pooling - HHH10001002: Using built-in connection pool (not intended for production use)
2024-10-07 09:09:56 [main] INFO  o.hibernate.orm.connections.pooling - HHH10001005: Loaded JDBC driver class: org.postgresql.Driver
2024-10-07 09:09:56 [main] INFO  o.hibernate.orm.connections.pooling - HHH10001012: Connecting with JDBC URL [jdbc:postgresql://localhost:5432/hotel]
2024-10-07 09:09:56 [main] INFO  o.hibernate.orm.connections.pooling - HHH10001001: Connection properties: {password=****, user=postgres}
2024-10-07 09:09:56 [main] INFO  o.hibernate.orm.connections.pooling - HHH10001003: Autocommit mode: false
2024-10-07 09:09:56 [main] INFO  o.hibernate.orm.connections.pooling - HHH10001115: Connection pool size: 20 (min=1)
2024-10-07 09:09:57 [main] INFO  o.h.b.i.BytecodeProviderInitiator - HHH000021: Bytecode provider name : bytebuddy
2024-10-07 09:09:58 [main] INFO  o.hibernate.orm.connections.access - HHH10001501: Connection obtained from JdbcConnectionAccess [org.hibernate.engine.jdbc.env.internal.JdbcEnvironmentInitiator$ConnectionProviderJdbcConnectionAccess@578a5ce8] for (non-JTA) DDL execution was not in auto-commit mode; the Connection 'local transaction' will be committed and the Connection will be set into auto-commit mode.
2024-10-07 09:10:00 [main] INFO  io.javalin.Javalin - Starting Javalin ...
2024-10-07 09:10:00 [main] INFO  org.eclipse.jetty.server.Server - jetty-11.0.23; built: 2024-08-14T01:40:17.906Z; git: 6fcf5ccaebd7ca13a0cb96c96adca699a24080a0; jvm 17.0.12+7-LTS
2024-10-07 09:10:00 [main] INFO  o.e.j.s.s.DefaultSessionIdManager - Session workerName=node0
2024-10-07 09:10:00 [main] INFO  o.e.j.server.handler.ContextHandler - Started o.e.j.s.ServletContextHandler@29090809{/api/v1,null,AVAILABLE}
2024-10-07 09:10:00 [main] INFO  o.e.jetty.server.AbstractConnector - Started ServerConnector@dd737ea{HTTP/1.1, (http/1.1)}{0.0.0.0:7777}
2024-10-07 09:10:00 [main] INFO  org.eclipse.jetty.server.Server - Started Server@6c6c2a73{STARTING}[11.0.23,sto=0] @9669ms
2024-10-07 09:10:00 [main] INFO  io.javalin.Javalin - Javalin started in 305ms \o/
2024-10-07 09:10:00 [main] INFO  io.javalin.Javalin - Listening on http://localhost:7777/api/v1
2024-10-07 09:10:00 [main] INFO  io.javalin.Javalin - You are running Javalin 6.3.0 (released August 22, 2024).
2024-10-08 12:52:48 [main] INFO  org.hibernate.Version - HHH000412: Hibernate ORM core version 6.2.4.Final
2024-10-08 12:52:48 [main] INFO  org.hibernate.cfg.Environment - HHH000406: Using bytecode reflection optimizer
2024-10-08 12:52:49 [main] WARN  o.hibernate.orm.connections.pooling - HHH10001002: Using built-in connection pool (not intended for production use)
2024-10-08 12:52:49 [main] INFO  o.hibernate.orm.connections.pooling - HHH10001005: Loaded JDBC driver class: org.postgresql.Driver
2024-10-08 12:52:49 [main] INFO  o.hibernate.orm.connections.pooling - HHH10001012: Connecting with JDBC URL [jdbc:postgresql://localhost:5432/hotel]
2024-10-08 12:52:49 [main] INFO  o.hibernate.orm.connections.pooling - HHH10001001: Connection properties: {password=****, user=postgres}
2024-10-08 12:52:49 [main] INFO  o.hibernate.orm.connections.pooling - HHH10001003: Autocommit mode: false
2024-10-08 12:52:49 [main] INFO  o.hibernate.orm.connections.pooling - HHH10001115: Connection pool size: 20 (min=1)
2024-10-08 12:52:51 [main] INFO  o.h.b.i.BytecodeProviderInitiator - HHH000021: Bytecode provider name : bytebuddy
2024-10-08 12:52:52 [main] INFO  o.hibernate.orm.connections.access - HHH10001501: Connection obtained from JdbcConnectionAccess [org.hibernate.engine.jdbc.env.internal.JdbcEnvironmentInitiator$ConnectionProviderJdbcConnectionAccess@3d104c9b] for (non-JTA) DDL execution was not in auto-commit mode; the Connection 'local transaction' will be committed and the Connection will be set into auto-commit mode.
2024-10-08 12:52:54 [main] INFO  io.javalin.Javalin - Starting Javalin ...
2024-10-08 12:52:54 [main] INFO  org.eclipse.jetty.server.Server - jetty-11.0.23; built: 2024-08-14T01:40:17.906Z; git: 6fcf5ccaebd7ca13a0cb96c96adca699a24080a0; jvm 17.0.12+7-LTS
2024-10-08 12:52:55 [main] INFO  o.e.j.s.s.DefaultSessionIdManager - Session workerName=node0
2024-10-08 12:52:55 [main] INFO  o.e.j.server.handler.ContextHandler - Started o.e.j.s.ServletContextHandler@44864536{/api/v1,null,AVAILABLE}
2024-10-08 12:52:55 [main] INFO  o.e.jetty.server.AbstractConnector - Started ServerConnector@3302035b{HTTP/1.1, (http/1.1)}{0.0.0.0:7777}
2024-10-08 12:52:55 [main] INFO  org.eclipse.jetty.server.Server - Started Server@1247c72e{STARTING}[11.0.23,sto=0] @12464ms
2024-10-08 12:52:55 [main] INFO  io.javalin.Javalin - Javalin started in 393ms \o/
2024-10-08 12:52:55 [main] INFO  io.javalin.Javalin - Listening on http://localhost:7777/api/v1
2024-10-08 12:52:55 [main] INFO  io.javalin.Javalin - You are running Javalin 6.3.0 (released August 22, 2024).
2024-10-08 13:04:56 [main] INFO  org.hibernate.Version - HHH000412: Hibernate ORM core version 6.2.4.Final
2024-10-08 13:04:56 [main] INFO  org.hibernate.cfg.Environment - HHH000406: Using bytecode reflection optimizer
2024-10-08 13:04:57 [main] WARN  o.hibernate.orm.connections.pooling - HHH10001002: Using built-in connection pool (not intended for production use)
2024-10-08 13:04:57 [main] INFO  o.hibernate.orm.connections.pooling - HHH10001005: Loaded JDBC driver class: org.postgresql.Driver
2024-10-08 13:04:57 [main] INFO  o.hibernate.orm.connections.pooling - HHH10001012: Connecting with JDBC URL [jdbc:postgresql://localhost:5432/hotel]
2024-10-08 13:04:57 [main] INFO  o.hibernate.orm.connections.pooling - HHH10001001: Connection properties: {password=****, user=postgres}
2024-10-08 13:04:57 [main] INFO  o.hibernate.orm.connections.pooling - HHH10001003: Autocommit mode: false
2024-10-08 13:04:57 [main] INFO  o.hibernate.orm.connections.pooling - HHH10001115: Connection pool size: 20 (min=1)
2024-10-08 13:04:58 [main] INFO  o.h.b.i.BytecodeProviderInitiator - HHH000021: Bytecode provider name : bytebuddy
2024-10-08 13:05:00 [main] INFO  o.hibernate.orm.connections.access - HHH10001501: Connection obtained from JdbcConnectionAccess [org.hibernate.engine.jdbc.env.internal.JdbcEnvironmentInitiator$ConnectionProviderJdbcConnectionAccess@687389a6] for (non-JTA) DDL execution was not in auto-commit mode; the Connection 'local transaction' will be committed and the Connection will be set into auto-commit mode.
2024-10-08 13:05:00 [main] INFO  io.javalin.Javalin - Starting Javalin ...
2024-10-08 13:05:00 [main] INFO  org.eclipse.jetty.server.Server - jetty-11.0.23; built: 2024-08-14T01:40:17.906Z; git: 6fcf5ccaebd7ca13a0cb96c96adca699a24080a0; jvm 17.0.12+7-LTS
2024-10-08 13:05:00 [main] INFO  o.e.j.s.s.DefaultSessionIdManager - Session workerName=node0
2024-10-08 13:05:00 [main] INFO  o.e.j.server.handler.ContextHandler - Started o.e.j.s.ServletContextHandler@2c16677c{/api/v1,null,AVAILABLE}
2024-10-08 13:05:00 [main] INFO  o.e.jetty.server.AbstractConnector - Started ServerConnector@ba4f370{HTTP/1.1, (http/1.1)}{0.0.0.0:7777}
2024-10-08 13:05:00 [main] INFO  org.eclipse.jetty.server.Server - Started Server@656ec00d{STARTING}[11.0.23,sto=0] @5074ms
2024-10-08 13:05:00 [main] INFO  io.javalin.Javalin - Javalin started in 332ms \o/
2024-10-08 13:05:00 [main] INFO  io.javalin.Javalin - Listening on http://localhost:7777/api/v1
2024-10-08 13:05:00 [main] INFO  io.javalin.Javalin - You are running Javalin 6.3.0 (released August 22, 2024).
